
Showing logs for build [32mjxbitcoder-jx-tutorial-pr-4-pr-n5gw2-1[0m stage [32mfrom-build-pack[0m and container [32mstep-credential-initializer-gkmmr[0m
{"level":"warn","ts":1584287256.5604312,"logger":"fallback-logger","caller":"logging/config.go:69","msg":"Fetch GitHub commit ID from kodata failed: \"ref: refs/heads/0.8.0-**-support-backwards-incompats\" is not a valid GitHub commit ID"}
{"level":"info","ts":1584287256.5615504,"logger":"fallback-logger","caller":"creds-init/main.go:40","msg":"Credentials initialized."}

Showing logs for build [32mjxbitcoder-jx-tutorial-pr-4-pr-n5gw2-1[0m stage [32mfrom-build-pack[0m and container [32mstep-working-dir-initializer-fmpxw[0m
{"level":"warn","ts":1584287258.038625,"logger":"fallback-logger","caller":"logging/config.go:69","msg":"Fetch GitHub commit ID from kodata failed: open /var/run/ko/HEAD: no such file or directory"}
{"level":"info","ts":1584287258.04007,"logger":"fallback-logger","caller":"bash/main.go:64","msg":"Successfully executed command \"sh -c mkdir -p /workspace/source\"; output "}

Showing logs for build [32mjxbitcoder-jx-tutorial-pr-4-pr-n5gw2-1[0m stage [32mfrom-build-pack[0m and container [32mstep-place-tools[0m

Showing logs for build [32mjxbitcoder-jx-tutorial-pr-4-pr-n5gw2-1[0m stage [32mfrom-build-pack[0m and container [32mstep-git-source-jxbitcoder-jx-tutorial-pr-4-pr-n5gw2-2jvd6[0m
{"level":"warn","ts":1584287264.2039027,"logger":"fallback-logger","caller":"logging/config.go:69","msg":"Fetch GitHub commit ID from kodata failed: \"ref: refs/heads/0.8.0-**-support-backwards-incompats\" is not a valid GitHub commit ID"}
{"level":"info","ts":1584287265.2900803,"logger":"fallback-logger","caller":"git/git.go:103","msg":"Successfully cloned https://github.com/**bitcoder/**-tutorial.git @ master in path /workspace/source"}

Showing logs for build [32mjxbitcoder-jx-tutorial-pr-4-pr-n5gw2-1[0m stage [32mfrom-build-pack[0m and container [32mstep-git-merge[0m
Using SHAs from PULL_REFS=master:515c776fb8584370abaaade6c2de475d915a065e,4:3d22396bdc2f52e83c5e4446fccd9b0d74670dab
DEBUG: LC_ALL=C JX_LOG_LEVEL=error git fetch origin --unshallow 3d22396bdc2f52e83c5e4446fccd9b0d74670dab: 515c776fb8584370abaaade6c2de475d915a065e:
DEBUG: ran git fetch --unshallow origin 3d22396bdc2f52e83c5e4446fccd9b0d74670dab: 515c776fb8584370abaaade6c2de475d915a065e: in 
DEBUG: LC_ALL=C JX_LOG_LEVEL=error git branch
DEBUG: LC_ALL=C JX_LOG_LEVEL=error git checkout master
DEBUG: ran git checkout master in 
DEBUG: LC_ALL=C JX_LOG_LEVEL=error git reset --hard 515c776fb8584370abaaade6c2de475d915a065e
DEBUG: ran git reset --hard 515c776fb8584370abaaade6c2de475d915a065e in 
DEBUG: LC_ALL=C JX_LOG_LEVEL=error git clean -fd .
DEBUG: ran clean --force -d . in 
DEBUG: LC_ALL=C JX_LOG_LEVEL=error git merge 3d22396bdc2f52e83c5e4446fccd9b0d74670dab
DEBUG: ran git merge 3d22396bdc2f52e83c5e4446fccd9b0d74670dab in 
DEBUG: LC_ALL=C JX_LOG_LEVEL=error git log --format=%H%x1f%an%x1f%ae%x1f%cn%x1f%ce%x1f%s%n%b%x1e 515c776fb8584370abaaade6c2de475d915a065e..HEAD
Merged SHA a30eed6adf84944f533351686308e717bd25abf6 with commit message 'Merge commit '3d22396bdc2f52e83c5e4446fccd9b0d74670dab'' into base branch master
Merged SHA 3d22396bdc2f52e83c5e4446fccd9b0d74670dab with commit message 'dummy test2' into base branch master

Showing logs for build [32mjxbitcoder-jx-tutorial-pr-4-pr-n5gw2-1[0m stage [32mfrom-build-pack[0m and container [32mstep-build-make-linux[0m
CGO_ENABLED=0 GOOS=linux GOARCH=amd64 GO15VENDOREXPERIMENT=1 go build -ldflags '' -o bin/**-tutorial main.go

Showing logs for build [32mjxbitcoder-jx-tutorial-pr-4-pr-n5gw2-1[0m stage [32mfrom-build-pack[0m and container [32mstep-build-container-build[0m
[36mINFO[0m[0000] No base image, nothing to extract            
[36mINFO[0m[0000] cmd: EXPOSE                                  
[36mINFO[0m[0000] Adding exposed port: 8080/tcp                
[36mINFO[0m[0000] Using files from context: [/workspace/source/bin] 
[36mINFO[0m[0000] Skipping unpacking as no commands require it. 
[36mINFO[0m[0000] Taking snapshot of full filesystem...        
[36mINFO[0m[0000] EXPOSE 8080                                  
[36mINFO[0m[0000] cmd: EXPOSE                                  
[36mINFO[0m[0000] Adding exposed port: 8080/tcp                
[36mINFO[0m[0000] No files changed in this command, skipping snapshotting. 
[36mINFO[0m[0000] ENTRYPOINT ["/**-tutorial"]                  
[36mINFO[0m[0000] No files changed in this command, skipping snapshotting. 
[36mINFO[0m[0000] Using files from context: [/workspace/source/bin] 
[36mINFO[0m[0000] COPY ./bin/ /                                
[36mINFO[0m[0000] Taking snapshot of files...                  
2020/03/15 15:48:02 pushed blob: sha256:2490b4719b759d3714d86d7914a77ff2646736a6fa75f0fb1f4c5d1232875976
2020/03/15 15:48:03 pushed blob: sha256:50bb76d2d66efacd2cb475529a38d67fc752b48555e88b7b79b71f218a3cfc02
2020/03/15 15:48:05 gcr.io/api-project-173776728244/**-tutorial:0.0.0-SNAPSHOT-PR-4-1: digest: sha256:50172a0a195e111db2153a26f158d84d951d21694851c15046f0b917a7d58e9d size: 428

Showing logs for build [32mjxbitcoder-jx-tutorial-pr-4-pr-n5gw2-1[0m stage [32mfrom-build-pack[0m and container [32mstep-postbuild-post-build[0m
no CVE provider running in the current ** namespace so skip adding image to be analysed

Showing logs for build [32mjxbitcoder-jx-tutorial-pr-4-pr-n5gw2-1[0m stage [32mfrom-build-pack[0m and container [32mstep-promote-make-preview[0m
sed -i -e "s/version:.*/version: 0.0.0-SNAPSHOT-PR-4-1/" Chart.yaml
sed -i -e "s/version:.*/version: 0.0.0-SNAPSHOT-PR-4-1/" ../*/Chart.yaml
sed -i -e "s|repository:.*|repository: gcr.io\/api-project-173776728244\/**-tutorial|" values.yaml
sed -i -e "s/tag:.*/tag: 0.0.0-SNAPSHOT-PR-4-1/" values.yaml
echo "  version: 0.0.0-SNAPSHOT-PR-4-1" >> requirements.yaml
** step helm build
WARNING: No $CHART_REPOSITORY defined so using the default value of: http://jenkins-x-chartmuseum:8080
Adding missing Helm repo: storage.googleapis.com https://storage.googleapis.com/chartmuseum.jenkins-x.io
Successfully added Helm repository storage.googleapis.com.
Adding missing Helm repo: jenkins-x-chartmuseum http://jenkins-x-chartmuseum:8080
Successfully added Helm repository jenkins-x-chartmuseum.
WARNING: No $CHART_REPOSITORY defined so using the default value of: http://jenkins-x-chartmuseum:8080
Adding missing Helm repo: chartmuseum.jenkins-x.io http://chartmuseum.jenkins-x.io
Successfully added Helm repository chartmuseum.jenkins-x.io.

Showing logs for build [32mjxbitcoder-jx-tutorial-pr-4-pr-n5gw2-1[0m stage [32mfrom-build-pack[0m and container [32mstep-promote-jx-preview[0m
Creating a preview
Created environment **bitcoder-**-tutorial-pr-4
Namespace **-**bitcoder-**-tutorial-pr-4 created 
expose:
  Annotations:
    helm.sh/hook: post-install,post-upgrade
    helm.sh/hook-delete-policy: hook-succeeded
  config:
    domain: 34.77.45.157.nip.io
    exposer: Ingress
    http: "true"
preview:
  image:
    repository: gcr.io/api-project-173776728244/**-tutorial
    tag: 0.0.0-SNAPSHOT-PR-4-1

Updating PipelineActivities **bitcoder-**-tutorial-pr-4-1 which has status Running
Preview application is now available at: http://**-tutorial.**-**bitcoder-**-tutorial-pr-4.34.77.45.157.nip.io
