
Showing logs for build [32mjxbitcoder-jx-tutorial-pr-5-pr-v7kn2-1[0m stage [32mfrom-build-pack[0m and container [32mstep-credential-initializer-sv8cj[0m
{"level":"warn","ts":1584295982.7513604,"logger":"fallback-logger","caller":"logging/config.go:69","msg":"Fetch GitHub commit ID from kodata failed: \"ref: refs/heads/0.8.0-**-support-backwards-incompats\" is not a valid GitHub commit ID"}
{"level":"info","ts":1584295982.7524936,"logger":"fallback-logger","caller":"creds-init/main.go:40","msg":"Credentials initialized."}

Showing logs for build [32mjxbitcoder-jx-tutorial-pr-5-pr-v7kn2-1[0m stage [32mfrom-build-pack[0m and container [32mstep-working-dir-initializer-67kvq[0m
{"level":"warn","ts":1584295984.137069,"logger":"fallback-logger","caller":"logging/config.go:69","msg":"Fetch GitHub commit ID from kodata failed: open /var/run/ko/HEAD: no such file or directory"}
{"level":"info","ts":1584295984.1428053,"logger":"fallback-logger","caller":"bash/main.go:64","msg":"Successfully executed command \"sh -c mkdir -p /workspace/source\"; output "}

Showing logs for build [32mjxbitcoder-jx-tutorial-pr-5-pr-v7kn2-1[0m stage [32mfrom-build-pack[0m and container [32mstep-place-tools[0m

Showing logs for build [32mjxbitcoder-jx-tutorial-pr-5-pr-v7kn2-1[0m stage [32mfrom-build-pack[0m and container [32mstep-git-source-jxbitcoder-jx-tutorial-pr-5-pr-v7kn2-rcwq5[0m
{"level":"warn","ts":1584295991.2116919,"logger":"fallback-logger","caller":"logging/config.go:69","msg":"Fetch GitHub commit ID from kodata failed: \"ref: refs/heads/0.8.0-**-support-backwards-incompats\" is not a valid GitHub commit ID"}
{"level":"info","ts":1584295992.3135223,"logger":"fallback-logger","caller":"git/git.go:103","msg":"Successfully cloned https://github.com/**bitcoder/**-tutorial.git @ master in path /workspace/source"}

Showing logs for build [32mjxbitcoder-jx-tutorial-pr-5-pr-v7kn2-1[0m stage [32mfrom-build-pack[0m and container [32mstep-git-merge[0m
Using SHAs from PULL_REFS=master:aac1d9f2dc6b2ab0efc53f3c5a975658604f97e3,5:2fd7ad01f24e5a8499cbab3f891b8493450374cf
DEBUG: LC_ALL=C JX_LOG_LEVEL=error git fetch origin --unshallow 2fd7ad01f24e5a8499cbab3f891b8493450374cf: aac1d9f2dc6b2ab0efc53f3c5a975658604f97e3:
DEBUG: ran git fetch --unshallow origin 2fd7ad01f24e5a8499cbab3f891b8493450374cf: aac1d9f2dc6b2ab0efc53f3c5a975658604f97e3: in 
DEBUG: LC_ALL=C JX_LOG_LEVEL=error git branch
DEBUG: LC_ALL=C JX_LOG_LEVEL=error git checkout master
DEBUG: ran git checkout master in 
DEBUG: LC_ALL=C JX_LOG_LEVEL=error git reset --hard aac1d9f2dc6b2ab0efc53f3c5a975658604f97e3
DEBUG: ran git reset --hard aac1d9f2dc6b2ab0efc53f3c5a975658604f97e3 in 
DEBUG: LC_ALL=C JX_LOG_LEVEL=error git clean -fd .
DEBUG: ran clean --force -d . in 
DEBUG: LC_ALL=C JX_LOG_LEVEL=error git merge 2fd7ad01f24e5a8499cbab3f891b8493450374cf
DEBUG: ran git merge 2fd7ad01f24e5a8499cbab3f891b8493450374cf in 
DEBUG: LC_ALL=C JX_LOG_LEVEL=error git log --format=%H%x1f%an%x1f%ae%x1f%cn%x1f%ce%x1f%s%n%b%x1e aac1d9f2dc6b2ab0efc53f3c5a975658604f97e3..HEAD
Merged SHA 485ead780b04165f92018b8a48a6adb7bb4b434c with commit message 'Merge commit '2fd7ad01f24e5a8499cbab3f891b8493450374cf'' into base branch master
Merged SHA 2fd7ad01f24e5a8499cbab3f891b8493450374cf with commit message 'run unit tests after building' into base branch master

Showing logs for build [32mjxbitcoder-jx-tutorial-pr-5-pr-v7kn2-1[0m stage [32mfrom-build-pack[0m and container [32mstep-build-make-linux[0m
CGO_ENABLED=0 GOOS=linux GOARCH=amd64 GO15VENDOREXPERIMENT=1 go build -ldflags '' -o bin/**-tutorial main.go

Showing logs for build [32mjxbitcoder-jx-tutorial-pr-5-pr-v7kn2-1[0m stage [32mfrom-build-pack[0m and container [32mstep-build-container-build[0m
[36mINFO[0m[0000] No base image, nothing to extract            
[36mINFO[0m[0000] cmd: EXPOSE                                  
[36mINFO[0m[0000] Adding exposed port: 8080/tcp                
[36mINFO[0m[0000] Using files from context: [/workspace/source/bin] 
[36mINFO[0m[0000] Skipping unpacking as no commands require it. 
[36mINFO[0m[0000] Taking snapshot of full filesystem...        
[36mINFO[0m[0000] EXPOSE 8080                                  
[36mINFO[0m[0000] cmd: EXPOSE                                  
[36mINFO[0m[0000] Adding exposed port: 8080/tcp                
[36mINFO[0m[0000] No files changed in this command, skipping snapshotting. 
[36mINFO[0m[0000] ENTRYPOINT ["/**-tutorial"]                  
[36mINFO[0m[0000] No files changed in this command, skipping snapshotting. 
[36mINFO[0m[0000] Using files from context: [/workspace/source/bin] 
[36mINFO[0m[0000] COPY ./bin/ /                                
[36mINFO[0m[0000] Taking snapshot of files...                  
2020/03/15 18:13:29 pushed blob: sha256:a96e7d8089868f18b847c6f7007fb4e3e098eb9db84a655f1d0203f226a96567
2020/03/15 18:13:29 pushed blob: sha256:8f3990b51021d18061c4656527d9066430f2e1d6cdb1c53db29fd4746fdc24ce
2020/03/15 18:13:32 gcr.io/api-project-173776728244/**-tutorial:0.0.0-SNAPSHOT-PR-5-1: digest: sha256:1e629b4debe2f4891dbc55b5d35533ddbfc780a6a004d6636294c046d4f539fb size: 428

Showing logs for build [32mjxbitcoder-jx-tutorial-pr-5-pr-v7kn2-1[0m stage [32mfrom-build-pack[0m and container [32mstep-postbuild-post-build[0m
no CVE provider running in the current ** namespace so skip adding image to be analysed

Showing logs for build [32mjxbitcoder-jx-tutorial-pr-5-pr-v7kn2-1[0m stage [32mfrom-build-pack[0m and container [32mstep-postbuild-step5[0m
--- FAIL: TestTablesSum (0.00s)
    addition_tables_test.go:20: Sum of (5+4) was incorrect, got: 9, want: 7.
FAIL
exit status 1
FAIL	_/workspace/source	0.018s
[31m
Pipeline failed on stage 'from-build-pack' : container 'step-postbuild-step5'. The execution of the pipeline has stopped.[0m
