
Showing logs for build [32mmeta-jxbitcoder-jx-tutorial-pr-4l7kr-2[0m stage [32mmeta-pipeline[0m and container [32mstep-credential-initializer-d8xwv[0m
{"level":"warn","ts":1584298346.193617,"logger":"fallback-logger","caller":"logging/config.go:69","msg":"Fetch GitHub commit ID from kodata failed: \"ref: refs/heads/0.8.0-**-support-backwards-incompats\" is not a valid GitHub commit ID"}
{"level":"info","ts":1584298346.194668,"logger":"fallback-logger","caller":"creds-init/main.go:40","msg":"Credentials initialized."}

Showing logs for build [32mmeta-jxbitcoder-jx-tutorial-pr-4l7kr-2[0m stage [32mmeta-pipeline[0m and container [32mstep-working-dir-initializer-rc58j[0m
{"level":"warn","ts":1584298347.5103354,"logger":"fallback-logger","caller":"logging/config.go:69","msg":"Fetch GitHub commit ID from kodata failed: open /var/run/ko/HEAD: no such file or directory"}
{"level":"info","ts":1584298347.5128164,"logger":"fallback-logger","caller":"bash/main.go:64","msg":"Successfully executed command \"sh -c mkdir -p /workspace/source\"; output "}

Showing logs for build [32mmeta-jxbitcoder-jx-tutorial-pr-4l7kr-2[0m stage [32mmeta-pipeline[0m and container [32mstep-place-tools[0m

Showing logs for build [32mmeta-jxbitcoder-jx-tutorial-pr-4l7kr-2[0m stage [32mmeta-pipeline[0m and container [32mstep-git-source-meta-jxbitcoder-jx-tutorial-pr-4l7kr-ggb6t[0m
{"level":"warn","ts":1584298351.6303544,"logger":"fallback-logger","caller":"logging/config.go:69","msg":"Fetch GitHub commit ID from kodata failed: \"ref: refs/heads/0.8.0-**-support-backwards-incompats\" is not a valid GitHub commit ID"}
{"level":"info","ts":1584298352.7221286,"logger":"fallback-logger","caller":"git/git.go:103","msg":"Successfully cloned https://github.com/**bitcoder/**-tutorial.git @ aac1d9f2dc6b2ab0efc53f3c5a975658604f97e3 in path /workspace/source"}

Showing logs for build [32mmeta-jxbitcoder-jx-tutorial-pr-4l7kr-2[0m stage [32mmeta-pipeline[0m and container [32mstep-git-merge[0m
Using SHAs from PULL_REFS=master:aac1d9f2dc6b2ab0efc53f3c5a975658604f97e3,5:d7ffd2c6ffe5a7a515cbd585a34b195befd6905b
DEBUG: JX_LOG_LEVEL=error LC_ALL=C git fetch origin --unshallow d7ffd2c6ffe5a7a515cbd585a34b195befd6905b: aac1d9f2dc6b2ab0efc53f3c5a975658604f97e3:
DEBUG: ran git fetch --unshallow origin d7ffd2c6ffe5a7a515cbd585a34b195befd6905b: aac1d9f2dc6b2ab0efc53f3c5a975658604f97e3: in 
DEBUG: LC_ALL=C JX_LOG_LEVEL=error git branch
DEBUG: LC_ALL=C JX_LOG_LEVEL=error git checkout master
DEBUG: ran git checkout master in 
DEBUG: LC_ALL=C JX_LOG_LEVEL=error git reset --hard aac1d9f2dc6b2ab0efc53f3c5a975658604f97e3
DEBUG: ran git reset --hard aac1d9f2dc6b2ab0efc53f3c5a975658604f97e3 in 
DEBUG: LC_ALL=C JX_LOG_LEVEL=error git clean -fd .
DEBUG: ran clean --force -d . in 
DEBUG: LC_ALL=C JX_LOG_LEVEL=error git merge d7ffd2c6ffe5a7a515cbd585a34b195befd6905b
DEBUG: ran git merge d7ffd2c6ffe5a7a515cbd585a34b195befd6905b in 
DEBUG: LC_ALL=C JX_LOG_LEVEL=error git log --format=%H%x1f%an%x1f%ae%x1f%cn%x1f%ce%x1f%s%n%b%x1e aac1d9f2dc6b2ab0efc53f3c5a975658604f97e3..HEAD
Merged SHA 320088565a0f80ea520dc02ad38f57c2de52cbcd with commit message 'Merge commit 'd7ffd2c6ffe5a7a515cbd585a34b195befd6905b'' into base branch master
Merged SHA d7ffd2c6ffe5a7a515cbd585a34b195befd6905b with commit message 'add go dependency' into base branch master
Merged SHA 2fd7ad01f24e5a8499cbab3f891b8493450374cf with commit message 'run unit tests after building' into base branch master

Showing logs for build [32mmeta-jxbitcoder-jx-tutorial-pr-4l7kr-2[0m stage [32mmeta-pipeline[0m and container [32mstep-merge-pull-refs[0m
DEBUG: LC_ALL=C JX_LOG_LEVEL=error git fetch origin --unshallow d7ffd2c6ffe5a7a515cbd585a34b195befd6905b: aac1d9f2dc6b2ab0efc53f3c5a975658604f97e3:
DEBUG: LC_ALL=C JX_LOG_LEVEL=error git fetch origin d7ffd2c6ffe5a7a515cbd585a34b195befd6905b: aac1d9f2dc6b2ab0efc53f3c5a975658604f97e3:
DEBUG: ran git fetch origin d7ffd2c6ffe5a7a515cbd585a34b195befd6905b: aac1d9f2dc6b2ab0efc53f3c5a975658604f97e3: in 
DEBUG: LC_ALL=C JX_LOG_LEVEL=error git rev-parse --is-shallow-repository
DEBUG: Unshallowed git repo in 
DEBUG: LC_ALL=C JX_LOG_LEVEL=error git branch
DEBUG: LC_ALL=C JX_LOG_LEVEL=error git checkout master
DEBUG: ran git checkout master in 
DEBUG: LC_ALL=C JX_LOG_LEVEL=error git reset --hard aac1d9f2dc6b2ab0efc53f3c5a975658604f97e3
DEBUG: ran git reset --hard aac1d9f2dc6b2ab0efc53f3c5a975658604f97e3 in 
DEBUG: JX_LOG_LEVEL=error LC_ALL=C git clean -fd .
DEBUG: ran clean --force -d . in 
DEBUG: LC_ALL=C JX_LOG_LEVEL=error git merge d7ffd2c6ffe5a7a515cbd585a34b195befd6905b
DEBUG: ran git merge d7ffd2c6ffe5a7a515cbd585a34b195befd6905b in 
DEBUG: LC_ALL=C JX_LOG_LEVEL=error git log --format=%H%x1f%an%x1f%ae%x1f%cn%x1f%ce%x1f%s%n%b%x1e aac1d9f2dc6b2ab0efc53f3c5a975658604f97e3..HEAD
Merged SHA 6d3446bb45e1e7b9d2c9d999447f2468fe89623f with commit message 'Merge commit 'd7ffd2c6ffe5a7a515cbd585a34b195befd6905b'' into base branch master
Merged SHA d7ffd2c6ffe5a7a515cbd585a34b195befd6905b with commit message 'add go dependency' into base branch master
Merged SHA 2fd7ad01f24e5a8499cbab3f891b8493450374cf with commit message 'run unit tests after building' into base branch master

Showing logs for build [32mmeta-jxbitcoder-jx-tutorial-pr-4l7kr-2[0m stage [32mmeta-pipeline[0m and container [32mstep-create-effective-pipeline[0m
error: failed to load project config in dir /workspace/source: Validation failures in YAML file /workspace/source/jenkins-x.yml:
pipelineConfig.pipelines.pullRequest: Additional property steps is not allowed
pipelineConfig.pipelines.pullRequest.postBuild: Invalid type. Expected: object, given: null
[31m
Pipeline failed on stage 'meta-pipeline' : container 'step-create-effective-pipeline'. The execution of the pipeline has stopped.[0m
