
Showing logs for build [32mmeta-jxbitcoder-jx-tutorial-pr-nkbn9-5[0m stage [32mmeta-pipeline[0m and container [32mstep-credential-initializer-rnqjs[0m
{"level":"warn","ts":1584299205.6328912,"logger":"fallback-logger","caller":"logging/config.go:69","msg":"Fetch GitHub commit ID from kodata failed: \"ref: refs/heads/0.8.0-**-support-backwards-incompats\" is not a valid GitHub commit ID"}
{"level":"info","ts":1584299205.6335306,"logger":"fallback-logger","caller":"creds-init/main.go:40","msg":"Credentials initialized."}

Showing logs for build [32mmeta-jxbitcoder-jx-tutorial-pr-nkbn9-5[0m stage [32mmeta-pipeline[0m and container [32mstep-working-dir-initializer-n28rx[0m
{"level":"warn","ts":1584299206.9785948,"logger":"fallback-logger","caller":"logging/config.go:69","msg":"Fetch GitHub commit ID from kodata failed: open /var/run/ko/HEAD: no such file or directory"}
{"level":"info","ts":1584299206.9808471,"logger":"fallback-logger","caller":"bash/main.go:64","msg":"Successfully executed command \"sh -c mkdir -p /workspace/source\"; output "}

Showing logs for build [32mmeta-jxbitcoder-jx-tutorial-pr-nkbn9-5[0m stage [32mmeta-pipeline[0m and container [32mstep-place-tools[0m

Showing logs for build [32mmeta-jxbitcoder-jx-tutorial-pr-nkbn9-5[0m stage [32mmeta-pipeline[0m and container [32mstep-git-source-meta-jxbitcoder-jx-tutorial-pr-nkbn9-prczn[0m
{"level":"warn","ts":1584299213.0900342,"logger":"fallback-logger","caller":"logging/config.go:69","msg":"Fetch GitHub commit ID from kodata failed: \"ref: refs/heads/0.8.0-**-support-backwards-incompats\" is not a valid GitHub commit ID"}
{"level":"info","ts":1584299214.1463058,"logger":"fallback-logger","caller":"git/git.go:103","msg":"Successfully cloned https://github.com/**bitcoder/**-tutorial.git @ aac1d9f2dc6b2ab0efc53f3c5a975658604f97e3 in path /workspace/source"}

Showing logs for build [32mmeta-jxbitcoder-jx-tutorial-pr-nkbn9-5[0m stage [32mmeta-pipeline[0m and container [32mstep-git-merge[0m
Using SHAs from PULL_REFS=master:aac1d9f2dc6b2ab0efc53f3c5a975658604f97e3,5:61983a0322b541be82fe80f5001db64fa0d28961
DEBUG: LC_ALL=C JX_LOG_LEVEL=error git fetch origin --unshallow 61983a0322b541be82fe80f5001db64fa0d28961: aac1d9f2dc6b2ab0efc53f3c5a975658604f97e3:
DEBUG: ran git fetch --unshallow origin 61983a0322b541be82fe80f5001db64fa0d28961: aac1d9f2dc6b2ab0efc53f3c5a975658604f97e3: in 
DEBUG: LC_ALL=C JX_LOG_LEVEL=error git branch
DEBUG: LC_ALL=C JX_LOG_LEVEL=error git checkout master
DEBUG: ran git checkout master in 
DEBUG: LC_ALL=C JX_LOG_LEVEL=error git reset --hard aac1d9f2dc6b2ab0efc53f3c5a975658604f97e3
DEBUG: ran git reset --hard aac1d9f2dc6b2ab0efc53f3c5a975658604f97e3 in 
DEBUG: LC_ALL=C JX_LOG_LEVEL=error git clean -fd .
DEBUG: ran clean --force -d . in 
DEBUG: LC_ALL=C JX_LOG_LEVEL=error git merge 61983a0322b541be82fe80f5001db64fa0d28961
DEBUG: ran git merge 61983a0322b541be82fe80f5001db64fa0d28961 in 
DEBUG: LC_ALL=C JX_LOG_LEVEL=error git log --format=%H%x1f%an%x1f%ae%x1f%cn%x1f%ce%x1f%s%n%b%x1e aac1d9f2dc6b2ab0efc53f3c5a975658604f97e3..HEAD
Merged SHA 22877e62fd3724148a26cf08859aaf18f5e4b78e with commit message 'Merge commit '61983a0322b541be82fe80f5001db64fa0d28961'' into base branch master
Merged SHA 61983a0322b541be82fe80f5001db64fa0d28961 with commit message 'submit to Xray sandbox' into base branch master
Merged SHA 8d41d64ad8e4ecce8052df8c2cae1d228d82871a with commit message 'add go dependency fix3' into base branch master
Merged SHA 5328b0720ba37955beda65aa3937e3e5958576fa with commit message 'add go dependency fix' into base branch master
Merged SHA d7ffd2c6ffe5a7a515cbd585a34b195befd6905b with commit message 'add go dependency' into base branch master
Merged SHA 2fd7ad01f24e5a8499cbab3f891b8493450374cf with commit message 'run unit tests after building' into base branch master

Showing logs for build [32mmeta-jxbitcoder-jx-tutorial-pr-nkbn9-5[0m stage [32mmeta-pipeline[0m and container [32mstep-merge-pull-refs[0m
DEBUG: LC_ALL=C JX_LOG_LEVEL=error git fetch origin --unshallow 61983a0322b541be82fe80f5001db64fa0d28961: aac1d9f2dc6b2ab0efc53f3c5a975658604f97e3:
DEBUG: LC_ALL=C JX_LOG_LEVEL=error git fetch origin 61983a0322b541be82fe80f5001db64fa0d28961: aac1d9f2dc6b2ab0efc53f3c5a975658604f97e3:
DEBUG: ran git fetch origin 61983a0322b541be82fe80f5001db64fa0d28961: aac1d9f2dc6b2ab0efc53f3c5a975658604f97e3: in 
DEBUG: LC_ALL=C JX_LOG_LEVEL=error git rev-parse --is-shallow-repository
DEBUG: Unshallowed git repo in 
DEBUG: LC_ALL=C JX_LOG_LEVEL=error git branch
DEBUG: LC_ALL=C JX_LOG_LEVEL=error git checkout master
DEBUG: ran git checkout master in 
DEBUG: JX_LOG_LEVEL=error LC_ALL=C git reset --hard aac1d9f2dc6b2ab0efc53f3c5a975658604f97e3
DEBUG: ran git reset --hard aac1d9f2dc6b2ab0efc53f3c5a975658604f97e3 in 
DEBUG: LC_ALL=C JX_LOG_LEVEL=error git clean -fd .
DEBUG: ran clean --force -d . in 
DEBUG: LC_ALL=C JX_LOG_LEVEL=error git merge 61983a0322b541be82fe80f5001db64fa0d28961
DEBUG: ran git merge 61983a0322b541be82fe80f5001db64fa0d28961 in 
DEBUG: LC_ALL=C JX_LOG_LEVEL=error git log --format=%H%x1f%an%x1f%ae%x1f%cn%x1f%ce%x1f%s%n%b%x1e aac1d9f2dc6b2ab0efc53f3c5a975658604f97e3..HEAD
Merged SHA 15823f585baa9258d99314c47cb4242ae404bab9 with commit message 'Merge commit '61983a0322b541be82fe80f5001db64fa0d28961'' into base branch master
Merged SHA 61983a0322b541be82fe80f5001db64fa0d28961 with commit message 'submit to Xray sandbox' into base branch master
Merged SHA 8d41d64ad8e4ecce8052df8c2cae1d228d82871a with commit message 'add go dependency fix3' into base branch master
Merged SHA 5328b0720ba37955beda65aa3937e3e5958576fa with commit message 'add go dependency fix' into base branch master
Merged SHA d7ffd2c6ffe5a7a515cbd585a34b195befd6905b with commit message 'add go dependency' into base branch master
Merged SHA 2fd7ad01f24e5a8499cbab3f891b8493450374cf with commit message 'run unit tests after building' into base branch master

Showing logs for build [32mmeta-jxbitcoder-jx-tutorial-pr-nkbn9-5[0m stage [32mmeta-pipeline[0m and container [32mstep-create-effective-pipeline[0m
error: failed to load project config in dir /workspace/source: failed to validate YAML file /workspace/source/jenkins-x.yml due to yaml: line 11: mapping values are not allowed in this context
[31m
Pipeline failed on stage 'meta-pipeline' : container 'step-create-effective-pipeline'. The execution of the pipeline has stopped.[0m

Showing logs for build [32mmeta-jxbitcoder-jx-tutorial-pr-nkbn9-5[0m stage [32mmeta-pipeline[0m and container [32mstep-credential-initializer-rnqjs[0m
{"level":"warn","ts":1584299205.6328912,"logger":"fallback-logger","caller":"logging/config.go:69","msg":"Fetch GitHub commit ID from kodata failed: \"ref: refs/heads/0.8.0-**-support-backwards-incompats\" is not a valid GitHub commit ID"}
{"level":"info","ts":1584299205.6335306,"logger":"fallback-logger","caller":"creds-init/main.go:40","msg":"Credentials initialized."}

Showing logs for build [32mmeta-jxbitcoder-jx-tutorial-pr-nkbn9-5[0m stage [32mmeta-pipeline[0m and container [32mstep-working-dir-initializer-n28rx[0m
{"level":"warn","ts":1584299206.9785948,"logger":"fallback-logger","caller":"logging/config.go:69","msg":"Fetch GitHub commit ID from kodata failed: open /var/run/ko/HEAD: no such file or directory"}
{"level":"info","ts":1584299206.9808471,"logger":"fallback-logger","caller":"bash/main.go:64","msg":"Successfully executed command \"sh -c mkdir -p /workspace/source\"; output "}

Showing logs for build [32mmeta-jxbitcoder-jx-tutorial-pr-nkbn9-5[0m stage [32mmeta-pipeline[0m and container [32mstep-place-tools[0m

Showing logs for build [32mmeta-jxbitcoder-jx-tutorial-pr-nkbn9-5[0m stage [32mmeta-pipeline[0m and container [32mstep-git-source-meta-jxbitcoder-jx-tutorial-pr-nkbn9-prczn[0m
{"level":"warn","ts":1584299213.0900342,"logger":"fallback-logger","caller":"logging/config.go:69","msg":"Fetch GitHub commit ID from kodata failed: \"ref: refs/heads/0.8.0-**-support-backwards-incompats\" is not a valid GitHub commit ID"}
{"level":"info","ts":1584299214.1463058,"logger":"fallback-logger","caller":"git/git.go:103","msg":"Successfully cloned https://github.com/**bitcoder/**-tutorial.git @ aac1d9f2dc6b2ab0efc53f3c5a975658604f97e3 in path /workspace/source"}

Showing logs for build [32mmeta-jxbitcoder-jx-tutorial-pr-nkbn9-5[0m stage [32mmeta-pipeline[0m and container [32mstep-git-merge[0m
Using SHAs from PULL_REFS=master:aac1d9f2dc6b2ab0efc53f3c5a975658604f97e3,5:61983a0322b541be82fe80f5001db64fa0d28961
DEBUG: LC_ALL=C JX_LOG_LEVEL=error git fetch origin --unshallow 61983a0322b541be82fe80f5001db64fa0d28961: aac1d9f2dc6b2ab0efc53f3c5a975658604f97e3:
DEBUG: ran git fetch --unshallow origin 61983a0322b541be82fe80f5001db64fa0d28961: aac1d9f2dc6b2ab0efc53f3c5a975658604f97e3: in 
DEBUG: LC_ALL=C JX_LOG_LEVEL=error git branch
DEBUG: LC_ALL=C JX_LOG_LEVEL=error git checkout master
DEBUG: ran git checkout master in 
DEBUG: LC_ALL=C JX_LOG_LEVEL=error git reset --hard aac1d9f2dc6b2ab0efc53f3c5a975658604f97e3
DEBUG: ran git reset --hard aac1d9f2dc6b2ab0efc53f3c5a975658604f97e3 in 
DEBUG: LC_ALL=C JX_LOG_LEVEL=error git clean -fd .
DEBUG: ran clean --force -d . in 
DEBUG: LC_ALL=C JX_LOG_LEVEL=error git merge 61983a0322b541be82fe80f5001db64fa0d28961
DEBUG: ran git merge 61983a0322b541be82fe80f5001db64fa0d28961 in 
DEBUG: LC_ALL=C JX_LOG_LEVEL=error git log --format=%H%x1f%an%x1f%ae%x1f%cn%x1f%ce%x1f%s%n%b%x1e aac1d9f2dc6b2ab0efc53f3c5a975658604f97e3..HEAD
Merged SHA 22877e62fd3724148a26cf08859aaf18f5e4b78e with commit message 'Merge commit '61983a0322b541be82fe80f5001db64fa0d28961'' into base branch master
Merged SHA 61983a0322b541be82fe80f5001db64fa0d28961 with commit message 'submit to Xray sandbox' into base branch master
Merged SHA 8d41d64ad8e4ecce8052df8c2cae1d228d82871a with commit message 'add go dependency fix3' into base branch master
Merged SHA 5328b0720ba37955beda65aa3937e3e5958576fa with commit message 'add go dependency fix' into base branch master
Merged SHA d7ffd2c6ffe5a7a515cbd585a34b195befd6905b with commit message 'add go dependency' into base branch master
Merged SHA 2fd7ad01f24e5a8499cbab3f891b8493450374cf with commit message 'run unit tests after building' into base branch master

Showing logs for build [32mmeta-jxbitcoder-jx-tutorial-pr-nkbn9-5[0m stage [32mmeta-pipeline[0m and container [32mstep-merge-pull-refs[0m
DEBUG: LC_ALL=C JX_LOG_LEVEL=error git fetch origin --unshallow 61983a0322b541be82fe80f5001db64fa0d28961: aac1d9f2dc6b2ab0efc53f3c5a975658604f97e3:
DEBUG: LC_ALL=C JX_LOG_LEVEL=error git fetch origin 61983a0322b541be82fe80f5001db64fa0d28961: aac1d9f2dc6b2ab0efc53f3c5a975658604f97e3:
DEBUG: ran git fetch origin 61983a0322b541be82fe80f5001db64fa0d28961: aac1d9f2dc6b2ab0efc53f3c5a975658604f97e3: in 
DEBUG: LC_ALL=C JX_LOG_LEVEL=error git rev-parse --is-shallow-repository
DEBUG: Unshallowed git repo in 
DEBUG: LC_ALL=C JX_LOG_LEVEL=error git branch
DEBUG: LC_ALL=C JX_LOG_LEVEL=error git checkout master
DEBUG: ran git checkout master in 
DEBUG: JX_LOG_LEVEL=error LC_ALL=C git reset --hard aac1d9f2dc6b2ab0efc53f3c5a975658604f97e3
DEBUG: ran git reset --hard aac1d9f2dc6b2ab0efc53f3c5a975658604f97e3 in 
DEBUG: LC_ALL=C JX_LOG_LEVEL=error git clean -fd .
DEBUG: ran clean --force -d . in 
DEBUG: LC_ALL=C JX_LOG_LEVEL=error git merge 61983a0322b541be82fe80f5001db64fa0d28961
DEBUG: ran git merge 61983a0322b541be82fe80f5001db64fa0d28961 in 
DEBUG: LC_ALL=C JX_LOG_LEVEL=error git log --format=%H%x1f%an%x1f%ae%x1f%cn%x1f%ce%x1f%s%n%b%x1e aac1d9f2dc6b2ab0efc53f3c5a975658604f97e3..HEAD
Merged SHA 15823f585baa9258d99314c47cb4242ae404bab9 with commit message 'Merge commit '61983a0322b541be82fe80f5001db64fa0d28961'' into base branch master
Merged SHA 61983a0322b541be82fe80f5001db64fa0d28961 with commit message 'submit to Xray sandbox' into base branch master
Merged SHA 8d41d64ad8e4ecce8052df8c2cae1d228d82871a with commit message 'add go dependency fix3' into base branch master
Merged SHA 5328b0720ba37955beda65aa3937e3e5958576fa with commit message 'add go dependency fix' into base branch master
Merged SHA d7ffd2c6ffe5a7a515cbd585a34b195befd6905b with commit message 'add go dependency' into base branch master
Merged SHA 2fd7ad01f24e5a8499cbab3f891b8493450374cf with commit message 'run unit tests after building' into base branch master

Showing logs for build [32mmeta-jxbitcoder-jx-tutorial-pr-nkbn9-5[0m stage [32mmeta-pipeline[0m and container [32mstep-create-effective-pipeline[0m
error: failed to load project config in dir /workspace/source: failed to validate YAML file /workspace/source/jenkins-x.yml due to yaml: line 11: mapping values are not allowed in this context
[31m
Pipeline failed on stage 'meta-pipeline' : container 'step-create-effective-pipeline'. The execution of the pipeline has stopped.[0m
