
Showing logs for build [32mjxbitcoder-jx-tutorial-pr-1-pr-stg26-1[0m stage [32mfrom-build-pack[0m and container [32mstep-credential-initializer-x9lv6[0m
{"level":"warn","ts":1584274854.2559555,"logger":"fallback-logger","caller":"logging/config.go:69","msg":"Fetch GitHub commit ID from kodata failed: \"ref: refs/heads/0.8.0-**-support-backwards-incompats\" is not a valid GitHub commit ID"}
{"level":"info","ts":1584274854.257535,"logger":"fallback-logger","caller":"creds-init/main.go:40","msg":"Credentials initialized."}

Showing logs for build [32mjxbitcoder-jx-tutorial-pr-1-pr-stg26-1[0m stage [32mfrom-build-pack[0m and container [32mstep-working-dir-initializer-x4bfz[0m
{"level":"warn","ts":1584274855.3122525,"logger":"fallback-logger","caller":"logging/config.go:69","msg":"Fetch GitHub commit ID from kodata failed: open /var/run/ko/HEAD: no such file or directory"}
{"level":"info","ts":1584274855.3153293,"logger":"fallback-logger","caller":"bash/main.go:64","msg":"Successfully executed command \"sh -c mkdir -p /workspace/source\"; output "}

Showing logs for build [32mjxbitcoder-jx-tutorial-pr-1-pr-stg26-1[0m stage [32mfrom-build-pack[0m and container [32mstep-place-tools[0m

Showing logs for build [32mjxbitcoder-jx-tutorial-pr-1-pr-stg26-1[0m stage [32mfrom-build-pack[0m and container [32mstep-git-source-jxbitcoder-jx-tutorial-pr-1-pr-stg26-p9tvq[0m
{"level":"warn","ts":1584274862.5166144,"logger":"fallback-logger","caller":"logging/config.go:69","msg":"Fetch GitHub commit ID from kodata failed: \"ref: refs/heads/0.8.0-**-support-backwards-incompats\" is not a valid GitHub commit ID"}
{"level":"info","ts":1584274863.5699148,"logger":"fallback-logger","caller":"git/git.go:103","msg":"Successfully cloned https://github.com/**bitcoder/**-tutorial.git @ master in path /workspace/source"}

Showing logs for build [32mjxbitcoder-jx-tutorial-pr-1-pr-stg26-1[0m stage [32mfrom-build-pack[0m and container [32mstep-git-merge[0m
Using SHAs from PULL_REFS=master:1a0031e15b8cc1e8d0368c6236c9df7ff0fd3ecc,1:22747684aff3bd752fa6409052760079ad08e162
DEBUG: LC_ALL=C JX_LOG_LEVEL=error git fetch origin --unshallow 22747684aff3bd752fa6409052760079ad08e162: 1a0031e15b8cc1e8d0368c6236c9df7ff0fd3ecc:
DEBUG: ran git fetch --unshallow origin 22747684aff3bd752fa6409052760079ad08e162: 1a0031e15b8cc1e8d0368c6236c9df7ff0fd3ecc: in 
DEBUG: LC_ALL=C JX_LOG_LEVEL=error git branch
DEBUG: LC_ALL=C JX_LOG_LEVEL=error git checkout master
DEBUG: ran git checkout master in 
DEBUG: LC_ALL=C JX_LOG_LEVEL=error git reset --hard 1a0031e15b8cc1e8d0368c6236c9df7ff0fd3ecc
DEBUG: ran git reset --hard 1a0031e15b8cc1e8d0368c6236c9df7ff0fd3ecc in 
DEBUG: LC_ALL=C JX_LOG_LEVEL=error git clean -fd .
DEBUG: ran clean --force -d . in 
DEBUG: JX_LOG_LEVEL=error LC_ALL=C git merge 22747684aff3bd752fa6409052760079ad08e162
DEBUG: ran git merge 22747684aff3bd752fa6409052760079ad08e162 in 
DEBUG: LC_ALL=C JX_LOG_LEVEL=error git log --format=%H%x1f%an%x1f%ae%x1f%cn%x1f%ce%x1f%s%n%b%x1e 1a0031e15b8cc1e8d0368c6236c9df7ff0fd3ecc..HEAD
Merged SHA 22747684aff3bd752fa6409052760079ad08e162 with commit message 'typo1' into base branch master

Showing logs for build [32mjxbitcoder-jx-tutorial-pr-1-pr-stg26-1[0m stage [32mfrom-build-pack[0m and container [32mstep-build-make-linux[0m
CGO_ENABLED=0 GOOS=linux GOARCH=amd64 GO15VENDOREXPERIMENT=1 go build -ldflags '' -o bin/**-tutorial main.go

Showing logs for build [32mjxbitcoder-jx-tutorial-pr-1-pr-stg26-1[0m stage [32mfrom-build-pack[0m and container [32mstep-build-container-build[0m
[36mINFO[0m[0000] No base image, nothing to extract            
[36mINFO[0m[0000] cmd: EXPOSE                                  
[36mINFO[0m[0000] Adding exposed port: 8080/tcp                
[36mINFO[0m[0000] Using files from context: [/workspace/source/bin] 
[36mINFO[0m[0000] Skipping unpacking as no commands require it. 
[36mINFO[0m[0000] Taking snapshot of full filesystem...        
[36mINFO[0m[0000] EXPOSE 8080                                  
[36mINFO[0m[0000] cmd: EXPOSE                                  
[36mINFO[0m[0000] Adding exposed port: 8080/tcp                
[36mINFO[0m[0000] No files changed in this command, skipping snapshotting. 
[36mINFO[0m[0000] ENTRYPOINT ["/**-tutorial"]                  
[36mINFO[0m[0000] No files changed in this command, skipping snapshotting. 
[36mINFO[0m[0000] Using files from context: [/workspace/source/bin] 
[36mINFO[0m[0000] COPY ./bin/ /                                
[36mINFO[0m[0000] Taking snapshot of files...                  
2020/03/15 12:21:20 pushed blob: sha256:ae43db4ae3c5f16624982e62f58a6f2204d80fdaf369266378f00b8ae12a2fa2
2020/03/15 12:21:21 pushed blob: sha256:b044fa454d25df6998cb570fddc2e9bf29f0f5a7c30c8dc84fc04481dabf1404
2020/03/15 12:21:23 gcr.io/api-project-173776728244/**-tutorial:0.0.0-SNAPSHOT-PR-1-1: digest: sha256:9e2c0819f5153cfdc3fdea69125400f64e4d4829b99001cc1c3f034096574e5b size: 428

Showing logs for build [32mjxbitcoder-jx-tutorial-pr-1-pr-stg26-1[0m stage [32mfrom-build-pack[0m and container [32mstep-postbuild-post-build[0m
no CVE provider running in the current ** namespace so skip adding image to be analysed

Showing logs for build [32mjxbitcoder-jx-tutorial-pr-1-pr-stg26-1[0m stage [32mfrom-build-pack[0m and container [32mstep-promote-make-preview[0m
sed -i -e "s/version:.*/version: 0.0.0-SNAPSHOT-PR-1-1/" Chart.yaml
sed -i -e "s/version:.*/version: 0.0.0-SNAPSHOT-PR-1-1/" ../*/Chart.yaml
sed -i -e "s|repository:.*|repository: gcr.io\/api-project-173776728244\/**-tutorial|" values.yaml
sed -i -e "s/tag:.*/tag: 0.0.0-SNAPSHOT-PR-1-1/" values.yaml
echo "  version: 0.0.0-SNAPSHOT-PR-1-1" >> requirements.yaml
** step helm build
WARNING: No $CHART_REPOSITORY defined so using the default value of: http://jenkins-x-chartmuseum:8080
Adding missing Helm repo: storage.googleapis.com https://storage.googleapis.com/chartmuseum.jenkins-x.io
Successfully added Helm repository storage.googleapis.com.
Adding missing Helm repo: jenkins-x-chartmuseum http://jenkins-x-chartmuseum:8080
Successfully added Helm repository jenkins-x-chartmuseum.
WARNING: No $CHART_REPOSITORY defined so using the default value of: http://jenkins-x-chartmuseum:8080
Adding missing Helm repo: chartmuseum.jenkins-x.io http://chartmuseum.jenkins-x.io
Successfully added Helm repository chartmuseum.jenkins-x.io.

Showing logs for build [32mjxbitcoder-jx-tutorial-pr-1-pr-stg26-1[0m stage [32mfrom-build-pack[0m and container [32mstep-promote-jx-preview[0m
Creating a preview
Created environment **bitcoder-**-tutorial-pr-1
Namespace **-**bitcoder-**-tutorial-pr-1 created 
expose:
  Annotations:
    helm.sh/hook: post-install,post-upgrade
    helm.sh/hook-delete-policy: hook-succeeded
  config:
    domain: 34.77.45.157.nip.io
    exposer: Ingress
    http: "true"
preview:
  image:
    repository: gcr.io/api-project-173776728244/**-tutorial
    tag: 0.0.0-SNAPSHOT-PR-1-1

Updating PipelineActivities **bitcoder-**-tutorial-pr-1-1 which has status Running
Preview application is now available at: http://**-tutorial.**-**bitcoder-**-tutorial-pr-1.34.77.45.157.nip.io
