
Showing logs for build [32mjxbitcoder-jx-tutorial-pr-2-pr-mbvch-1[0m stage [32mfrom-build-pack[0m and container [32mstep-credential-initializer-66br6[0m
{"level":"warn","ts":1584283408.4848197,"logger":"fallback-logger","caller":"logging/config.go:69","msg":"Fetch GitHub commit ID from kodata failed: \"ref: refs/heads/0.8.0-**-support-backwards-incompats\" is not a valid GitHub commit ID"}
{"level":"info","ts":1584283408.4854178,"logger":"fallback-logger","caller":"creds-init/main.go:40","msg":"Credentials initialized."}

Showing logs for build [32mjxbitcoder-jx-tutorial-pr-2-pr-mbvch-1[0m stage [32mfrom-build-pack[0m and container [32mstep-working-dir-initializer-ls5kc[0m
{"level":"warn","ts":1584283409.8552577,"logger":"fallback-logger","caller":"logging/config.go:69","msg":"Fetch GitHub commit ID from kodata failed: open /var/run/ko/HEAD: no such file or directory"}
{"level":"info","ts":1584283409.858487,"logger":"fallback-logger","caller":"bash/main.go:64","msg":"Successfully executed command \"sh -c mkdir -p /workspace/source\"; output "}

Showing logs for build [32mjxbitcoder-jx-tutorial-pr-2-pr-mbvch-1[0m stage [32mfrom-build-pack[0m and container [32mstep-place-tools[0m

Showing logs for build [32mjxbitcoder-jx-tutorial-pr-2-pr-mbvch-1[0m stage [32mfrom-build-pack[0m and container [32mstep-git-source-jxbitcoder-jx-tutorial-pr-2-pr-mbvch-d8sdm[0m
{"level":"warn","ts":1584283416.9440377,"logger":"fallback-logger","caller":"logging/config.go:69","msg":"Fetch GitHub commit ID from kodata failed: \"ref: refs/heads/0.8.0-**-support-backwards-incompats\" is not a valid GitHub commit ID"}
{"level":"info","ts":1584283418.0243843,"logger":"fallback-logger","caller":"git/git.go:103","msg":"Successfully cloned https://github.com/**bitcoder/**-tutorial.git @ master in path /workspace/source"}

Showing logs for build [32mjxbitcoder-jx-tutorial-pr-2-pr-mbvch-1[0m stage [32mfrom-build-pack[0m and container [32mstep-git-merge[0m
Using SHAs from PULL_REFS=master:b2dc2495d1eba65501b60fbe00cd5f1d2c989a42,2:23228993a7a15244c21e2f74cfa0646e1d0d9508
DEBUG: LC_ALL=C JX_LOG_LEVEL=error git fetch origin --unshallow 23228993a7a15244c21e2f74cfa0646e1d0d9508: b2dc2495d1eba65501b60fbe00cd5f1d2c989a42:
DEBUG: ran git fetch --unshallow origin 23228993a7a15244c21e2f74cfa0646e1d0d9508: b2dc2495d1eba65501b60fbe00cd5f1d2c989a42: in 
DEBUG: LC_ALL=C JX_LOG_LEVEL=error git branch
DEBUG: LC_ALL=C JX_LOG_LEVEL=error git checkout master
DEBUG: ran git checkout master in 
DEBUG: LC_ALL=C JX_LOG_LEVEL=error git reset --hard b2dc2495d1eba65501b60fbe00cd5f1d2c989a42
DEBUG: ran git reset --hard b2dc2495d1eba65501b60fbe00cd5f1d2c989a42 in 
DEBUG: LC_ALL=C JX_LOG_LEVEL=error git clean -fd .
DEBUG: ran clean --force -d . in 
DEBUG: LC_ALL=C JX_LOG_LEVEL=error git merge 23228993a7a15244c21e2f74cfa0646e1d0d9508
DEBUG: ran git merge 23228993a7a15244c21e2f74cfa0646e1d0d9508 in 
DEBUG: LC_ALL=C JX_LOG_LEVEL=error git log --format=%H%x1f%an%x1f%ae%x1f%cn%x1f%ce%x1f%s%n%b%x1e b2dc2495d1eba65501b60fbe00cd5f1d2c989a42..HEAD
Merged SHA 23228993a7a15244c21e2f74cfa0646e1d0d9508 with commit message 'typo3' into base branch master

Showing logs for build [32mjxbitcoder-jx-tutorial-pr-2-pr-mbvch-1[0m stage [32mfrom-build-pack[0m and container [32mstep-build-make-linux[0m
CGO_ENABLED=0 GOOS=linux GOARCH=amd64 GO15VENDOREXPERIMENT=1 go build -ldflags '' -o bin/**-tutorial main.go

Showing logs for build [32mjxbitcoder-jx-tutorial-pr-2-pr-mbvch-1[0m stage [32mfrom-build-pack[0m and container [32mstep-build-container-build[0m
[36mINFO[0m[0000] No base image, nothing to extract            
[36mINFO[0m[0000] cmd: EXPOSE                                  
[36mINFO[0m[0000] Adding exposed port: 8080/tcp                
[36mINFO[0m[0000] Using files from context: [/workspace/source/bin] 
[36mINFO[0m[0000] Skipping unpacking as no commands require it. 
[36mINFO[0m[0000] Taking snapshot of full filesystem...        
[36mINFO[0m[0000] EXPOSE 8080                                  
[36mINFO[0m[0000] cmd: EXPOSE                                  
[36mINFO[0m[0000] Adding exposed port: 8080/tcp                
[36mINFO[0m[0000] No files changed in this command, skipping snapshotting. 
[36mINFO[0m[0000] ENTRYPOINT ["/**-tutorial"]                  
[36mINFO[0m[0000] No files changed in this command, skipping snapshotting. 
[36mINFO[0m[0000] Using files from context: [/workspace/source/bin] 
[36mINFO[0m[0000] COPY ./bin/ /                                
[36mINFO[0m[0000] Taking snapshot of files...                  
2020/03/15 14:43:54 pushed blob: sha256:4b85b72461b8357d2de4e3fcc32b5034a86d89832003897cf9f2b43b6377a0e7
2020/03/15 14:43:56 pushed blob: sha256:ac9c038fef56002130bf790636b61b95e03089222f832812c5e8f767d692d9c0
2020/03/15 14:43:57 gcr.io/api-project-173776728244/**-tutorial:0.0.0-SNAPSHOT-PR-2-1: digest: sha256:4f0734ee937e975fc1ebce00bba9c677f55dcaf4c19140294ecc69b6862dffca size: 428

Showing logs for build [32mjxbitcoder-jx-tutorial-pr-2-pr-mbvch-1[0m stage [32mfrom-build-pack[0m and container [32mstep-postbuild-post-build[0m
no CVE provider running in the current ** namespace so skip adding image to be analysed

Showing logs for build [32mjxbitcoder-jx-tutorial-pr-2-pr-mbvch-1[0m stage [32mfrom-build-pack[0m and container [32mstep-promote-make-preview[0m
sed -i -e "s/version:.*/version: 0.0.0-SNAPSHOT-PR-2-1/" Chart.yaml
sed -i -e "s/version:.*/version: 0.0.0-SNAPSHOT-PR-2-1/" ../*/Chart.yaml
sed -i -e "s|repository:.*|repository: gcr.io\/api-project-173776728244\/**-tutorial|" values.yaml
sed -i -e "s/tag:.*/tag: 0.0.0-SNAPSHOT-PR-2-1/" values.yaml
echo "  version: 0.0.0-SNAPSHOT-PR-2-1" >> requirements.yaml
** step helm build
WARNING: No $CHART_REPOSITORY defined so using the default value of: http://jenkins-x-chartmuseum:8080
Adding missing Helm repo: storage.googleapis.com https://storage.googleapis.com/chartmuseum.jenkins-x.io
Successfully added Helm repository storage.googleapis.com.
Adding missing Helm repo: jenkins-x-chartmuseum http://jenkins-x-chartmuseum:8080
Successfully added Helm repository jenkins-x-chartmuseum.
WARNING: No $CHART_REPOSITORY defined so using the default value of: http://jenkins-x-chartmuseum:8080
Adding missing Helm repo: chartmuseum.jenkins-x.io http://chartmuseum.jenkins-x.io
Successfully added Helm repository chartmuseum.jenkins-x.io.

Showing logs for build [32mjxbitcoder-jx-tutorial-pr-2-pr-mbvch-1[0m stage [32mfrom-build-pack[0m and container [32mstep-promote-jx-preview[0m
Creating a preview
Created environment **bitcoder-**-tutorial-pr-2
Namespace **-**bitcoder-**-tutorial-pr-2 created 
expose:
  Annotations:
    helm.sh/hook: post-install,post-upgrade
    helm.sh/hook-delete-policy: hook-succeeded
  config:
    domain: 34.77.45.157.nip.io
    exposer: Ingress
    http: "true"
preview:
  image:
    repository: gcr.io/api-project-173776728244/**-tutorial
    tag: 0.0.0-SNAPSHOT-PR-2-1

Updating PipelineActivities **bitcoder-**-tutorial-pr-2-1 which has status Running
Preview application is now available at: http://**-tutorial.**-**bitcoder-**-tutorial-pr-2.34.77.45.157.nip.io
