
Showing logs for build [32mjxbitcoder-jx-tutorial-pr-7-pr-rfkvl-1[0m stage [32mfrom-build-pack[0m and container [32mstep-credential-initializer-7b9hb[0m
{"level":"warn","ts":1584906756.0249407,"logger":"fallback-logger","caller":"logging/config.go:69","msg":"Fetch GitHub commit ID from kodata failed: \"ref: refs/heads/0.8.0-**-support-backwards-incompats\" is not a valid GitHub commit ID"}
{"level":"info","ts":1584906756.0260096,"logger":"fallback-logger","caller":"creds-init/main.go:40","msg":"Credentials initialized."}

Showing logs for build [32mjxbitcoder-jx-tutorial-pr-7-pr-rfkvl-1[0m stage [32mfrom-build-pack[0m and container [32mstep-working-dir-initializer-9vzb8[0m
{"level":"warn","ts":1584906757.421654,"logger":"fallback-logger","caller":"logging/config.go:69","msg":"Fetch GitHub commit ID from kodata failed: open /var/run/ko/HEAD: no such file or directory"}
{"level":"info","ts":1584906757.4308715,"logger":"fallback-logger","caller":"bash/main.go:64","msg":"Successfully executed command \"sh -c mkdir -p /workspace/source\"; output "}

Showing logs for build [32mjxbitcoder-jx-tutorial-pr-7-pr-rfkvl-1[0m stage [32mfrom-build-pack[0m and container [32mstep-place-tools[0m

Showing logs for build [32mjxbitcoder-jx-tutorial-pr-7-pr-rfkvl-1[0m stage [32mfrom-build-pack[0m and container [32mstep-git-source-jxbitcoder-jx-tutorial-pr-7-pr-rfkvl-k4nc6[0m
{"level":"warn","ts":1584906764.576746,"logger":"fallback-logger","caller":"logging/config.go:69","msg":"Fetch GitHub commit ID from kodata failed: \"ref: refs/heads/0.8.0-**-support-backwards-incompats\" is not a valid GitHub commit ID"}
{"level":"info","ts":1584906765.724858,"logger":"fallback-logger","caller":"git/git.go:103","msg":"Successfully cloned https://github.com/**bitcoder/**-tutorial.git @ master in path /workspace/source"}

Showing logs for build [32mjxbitcoder-jx-tutorial-pr-7-pr-rfkvl-1[0m stage [32mfrom-build-pack[0m and container [32mstep-git-merge[0m
Using SHAs from PULL_REFS=master:454fed7566adb3c4c9efc0cb42b1f98cede49256,7:13594ca4618bb5375b7256b8508c36cee2884a3b
DEBUG: LC_ALL=C JX_LOG_LEVEL=error git fetch origin --unshallow 13594ca4618bb5375b7256b8508c36cee2884a3b: 454fed7566adb3c4c9efc0cb42b1f98cede49256:
DEBUG: ran git fetch --unshallow origin 13594ca4618bb5375b7256b8508c36cee2884a3b: 454fed7566adb3c4c9efc0cb42b1f98cede49256: in 
DEBUG: LC_ALL=C JX_LOG_LEVEL=error git branch
DEBUG: LC_ALL=C JX_LOG_LEVEL=error git checkout master
DEBUG: ran git checkout master in 
DEBUG: LC_ALL=C JX_LOG_LEVEL=error git reset --hard 454fed7566adb3c4c9efc0cb42b1f98cede49256
DEBUG: ran git reset --hard 454fed7566adb3c4c9efc0cb42b1f98cede49256 in 
DEBUG: LC_ALL=C JX_LOG_LEVEL=error git clean -fd .
DEBUG: ran clean --force -d . in 
DEBUG: LC_ALL=C JX_LOG_LEVEL=error git merge 13594ca4618bb5375b7256b8508c36cee2884a3b
DEBUG: ran git merge 13594ca4618bb5375b7256b8508c36cee2884a3b in 
DEBUG: JX_LOG_LEVEL=error LC_ALL=C git log --format=%H%x1f%an%x1f%ae%x1f%cn%x1f%ce%x1f%s%n%b%x1e 454fed7566adb3c4c9efc0cb42b1f98cede49256..HEAD
Merged SHA d33c4830de448c7f321e5e812eb90ed223f61811 with commit message 'Merge commit '13594ca4618bb5375b7256b8508c36cee2884a3b'' into base branch master
Merged SHA 13594ca4618bb5375b7256b8508c36cee2884a3b with commit message 'x' into base branch master
Merged SHA 4cfba26b5a1971cb7aa3c2a25a38448995a87228 with commit message 'x' into base branch master

Showing logs for build [32mjxbitcoder-jx-tutorial-pr-7-pr-rfkvl-1[0m stage [32mfrom-build-pack[0m and container [32mstep-setup-step2[0m

Showing logs for build [32mjxbitcoder-jx-tutorial-pr-7-pr-rfkvl-1[0m stage [32mfrom-build-pack[0m and container [32mstep-build-make-linux[0m
CGO_ENABLED=0 GOOS=linux GOARCH=amd64 GO15VENDOREXPERIMENT=1 go build -ldflags '' -o bin/**-tutorial main.go

Showing logs for build [32mjxbitcoder-jx-tutorial-pr-7-pr-rfkvl-1[0m stage [32mfrom-build-pack[0m and container [32mstep-build-container-build[0m
[36mINFO[0m[0000] No base image, nothing to extract            
[36mINFO[0m[0000] cmd: EXPOSE                                  
[36mINFO[0m[0000] Adding exposed port: 8080/tcp                
[36mINFO[0m[0000] Using files from context: [/workspace/source/bin] 
[36mINFO[0m[0000] Skipping unpacking as no commands require it. 
[36mINFO[0m[0000] Taking snapshot of full filesystem...        
[36mINFO[0m[0000] EXPOSE 8080                                  
[36mINFO[0m[0000] cmd: EXPOSE                                  
[36mINFO[0m[0000] Adding exposed port: 8080/tcp                
[36mINFO[0m[0000] No files changed in this command, skipping snapshotting. 
[36mINFO[0m[0000] ENTRYPOINT ["/**-tutorial"]                  
[36mINFO[0m[0000] No files changed in this command, skipping snapshotting. 
[36mINFO[0m[0000] Using files from context: [/workspace/source/bin] 
[36mINFO[0m[0000] COPY ./bin/ /                                
[36mINFO[0m[0000] Taking snapshot of files...                  
2020/03/22 19:53:04 pushed blob: sha256:9386450749abd644ee8b6c371dc9549fef27cbdeb6e64f15657679ffbe353743
2020/03/22 19:53:06 pushed blob: sha256:2ae418716cfc85d94b251756f7cb39a93838049f3b5169817fa3a2b7a3b5fd56
2020/03/22 19:53:07 gcr.io/api-project-173776728244/**-tutorial:0.0.0-SNAPSHOT-PR-7-1: digest: sha256:93fc4e9e3896ecabbba583324cae761fbb4aca4c55adf2fa2a75056e077aa8a1 size: 428

Showing logs for build [32mjxbitcoder-jx-tutorial-pr-7-pr-rfkvl-1[0m stage [32mfrom-build-pack[0m and container [32mstep-postbuild-post-build[0m
no CVE provider running in the current ** namespace so skip adding image to be analysed

Showing logs for build [32mjxbitcoder-jx-tutorial-pr-7-pr-rfkvl-1[0m stage [32mfrom-build-pack[0m and container [32mstep-postbuild-step6[0m

Showing logs for build [32mjxbitcoder-jx-tutorial-pr-7-pr-rfkvl-1[0m stage [32mfrom-build-pack[0m and container [32mstep-postbuild-step7[0m
  % Total    % Received % Xferd  Average Speed   Time    Time     Time  Current
                                 Dload  Upload   Total   Spent    Left  Speed
  0     0    0     0    0     0      0      0 --:--:-- --:--:-- --:--:--     0100  1027    0   317  100   710    486   1089 --:--:-- --:--:-- --:--:--  1090
{"testExecIssue":{"id":"20613","key":"CALC-1","self":"https://sandbox.xpand-it.com/rest/api/2/issue/20613"},"testIssues":{"success":[{"id":"20614","key":"CALC-2","self":"https://sandbox.xpand-it.com/rest/api/2/issue/20614"},{"id":"20615","key":"CALC-3","self":"https://sandbox.xpand-it.com/rest/api/2/issue/20615"}]}}

Showing logs for build [32mjxbitcoder-jx-tutorial-pr-7-pr-rfkvl-1[0m stage [32mfrom-build-pack[0m and container [32mstep-promote-make-preview[0m
sed -i -e "s/version:.*/version: 0.0.0-SNAPSHOT-PR-7-1/" Chart.yaml
sed -i -e "s/version:.*/version: 0.0.0-SNAPSHOT-PR-7-1/" ../*/Chart.yaml
sed -i -e "s|repository:.*|repository: gcr.io\/api-project-173776728244\/**-tutorial|" values.yaml
sed -i -e "s/tag:.*/tag: 0.0.0-SNAPSHOT-PR-7-1/" values.yaml
echo "  version: 0.0.0-SNAPSHOT-PR-7-1" >> requirements.yaml
** step helm build
WARNING: No $CHART_REPOSITORY defined so using the default value of: http://jenkins-x-chartmuseum:8080
Adding missing Helm repo: storage.googleapis.com https://storage.googleapis.com/chartmuseum.jenkins-x.io
Successfully added Helm repository storage.googleapis.com.
Adding missing Helm repo: jenkins-x-chartmuseum http://jenkins-x-chartmuseum:8080
Successfully added Helm repository jenkins-x-chartmuseum.
WARNING: No $CHART_REPOSITORY defined so using the default value of: http://jenkins-x-chartmuseum:8080
Adding missing Helm repo: chartmuseum.jenkins-x.io http://chartmuseum.jenkins-x.io
Successfully added Helm repository chartmuseum.jenkins-x.io.

Showing logs for build [32mjxbitcoder-jx-tutorial-pr-7-pr-rfkvl-1[0m stage [32mfrom-build-pack[0m and container [32mstep-promote-jx-preview[0m
Creating a preview
Created environment **bitcoder-**-tutorial-pr-7
Namespace **-**bitcoder-**-tutorial-pr-7 created 
expose:
  Annotations:
    helm.sh/hook: post-install,post-upgrade
    helm.sh/hook-delete-policy: hook-succeeded
  config:
    domain: 34.77.21.1.nip.io
    exposer: Ingress
    http: "true"
preview:
  image:
    repository: gcr.io/api-project-173776728244/**-tutorial
    tag: 0.0.0-SNAPSHOT-PR-7-1

Updating PipelineActivities **bitcoder-**-tutorial-pr-7-1 which has status Running
Preview application is now available at: http://**-tutorial.**-**bitcoder-**-tutorial-pr-7.34.77.21.1.nip.io
