
Showing logs for build [32mjxbitcoder-jx-tutorial-master-fs9g8-1[0m stage [32mfrom-build-pack[0m and container [32mstep-credential-initializer-vqzkx[0m
{"level":"warn","ts":1584272245.5016735,"logger":"fallback-logger","caller":"logging/config.go:69","msg":"Fetch GitHub commit ID from kodata failed: \"ref: refs/heads/0.8.0-**-support-backwards-incompats\" is not a valid GitHub commit ID"}
{"level":"info","ts":1584272245.5025632,"logger":"fallback-logger","caller":"creds-init/main.go:40","msg":"Credentials initialized."}

Showing logs for build [32mjxbitcoder-jx-tutorial-master-fs9g8-1[0m stage [32mfrom-build-pack[0m and container [32mstep-working-dir-initializer-28kc2[0m
{"level":"warn","ts":1584272246.927925,"logger":"fallback-logger","caller":"logging/config.go:69","msg":"Fetch GitHub commit ID from kodata failed: open /var/run/ko/HEAD: no such file or directory"}
{"level":"info","ts":1584272246.9305968,"logger":"fallback-logger","caller":"bash/main.go:64","msg":"Successfully executed command \"sh -c mkdir -p /workspace/source\"; output "}

Showing logs for build [32mjxbitcoder-jx-tutorial-master-fs9g8-1[0m stage [32mfrom-build-pack[0m and container [32mstep-place-tools[0m

Showing logs for build [32mjxbitcoder-jx-tutorial-master-fs9g8-1[0m stage [32mfrom-build-pack[0m and container [32mstep-git-source-jxbitcoder-jx-tutorial-master-fs9g8-l7t8h[0m
{"level":"warn","ts":1584272278.9731884,"logger":"fallback-logger","caller":"logging/config.go:69","msg":"Fetch GitHub commit ID from kodata failed: \"ref: refs/heads/0.8.0-**-support-backwards-incompats\" is not a valid GitHub commit ID"}
{"level":"info","ts":1584272280.010749,"logger":"fallback-logger","caller":"git/git.go:103","msg":"Successfully cloned https://github.com/**bitcoder/**-tutorial.git @ v0.0.1 in path /workspace/source"}

Showing logs for build [32mjxbitcoder-jx-tutorial-master-fs9g8-1[0m stage [32mfrom-build-pack[0m and container [32mstep-git-merge[0m
Using SHAs from PULL_REFS=master:1a0031e15b8cc1e8d0368c6236c9df7ff0fd3ecc
WARNING: no SHAs to merge, falling back to initial cloned commit

Showing logs for build [32mjxbitcoder-jx-tutorial-master-fs9g8-1[0m stage [32mfrom-build-pack[0m and container [32mstep-setup-jx-git-credentials[0m
Generated Git credentials file /workspace/xdg_config/git/credentials

Showing logs for build [32mjxbitcoder-jx-tutorial-master-fs9g8-1[0m stage [32mfrom-build-pack[0m and container [32mstep-build-make-build[0m
CGO_ENABLED=0 GO15VENDOREXPERIMENT=1 go build -ldflags '' -o bin/**-tutorial main.go

Showing logs for build [32mjxbitcoder-jx-tutorial-master-fs9g8-1[0m stage [32mfrom-build-pack[0m and container [32mstep-build-container-build[0m
[36mINFO[0m[0000] No base image, nothing to extract            
[36mINFO[0m[0000] cmd: EXPOSE                                  
[36mINFO[0m[0000] Adding exposed port: 8080/tcp                
[36mINFO[0m[0000] Using files from context: [/workspace/source/bin] 
[36mINFO[0m[0000] Skipping unpacking as no commands require it. 
[36mINFO[0m[0000] Taking snapshot of full filesystem...        
[36mINFO[0m[0000] EXPOSE 8080                                  
[36mINFO[0m[0000] cmd: EXPOSE                                  
[36mINFO[0m[0000] Adding exposed port: 8080/tcp                
[36mINFO[0m[0000] No files changed in this command, skipping snapshotting. 
[36mINFO[0m[0000] ENTRYPOINT ["/**-tutorial"]                  
[36mINFO[0m[0000] No files changed in this command, skipping snapshotting. 
[36mINFO[0m[0000] Using files from context: [/workspace/source/bin] 
[36mINFO[0m[0000] COPY ./bin/ /                                
[36mINFO[0m[0000] Taking snapshot of files...                  
2020/03/15 11:38:18 pushed blob: sha256:bbc47ff24ed02a9ff0608d2133caba54722ad62b5f57fb0e67eea009c4286f2d
2020/03/15 11:38:19 pushed blob: sha256:024c0873f4dc2583f2a8ff7d901c5f0abac31c63ac3d3f45d400d0b8c0ade695
2020/03/15 11:38:23 gcr.io/api-project-173776728244/**-tutorial:0.0.1: digest: sha256:f4b501f4a816f828aab0658a5fcdf810a353930a3ae2f46ebc36d4fde344c1aa size: 428

Showing logs for build [32mjxbitcoder-jx-tutorial-master-fs9g8-1[0m stage [32mfrom-build-pack[0m and container [32mstep-build-post-build[0m
no CVE provider running in the current ** namespace so skip adding image to be analysed

Showing logs for build [32mjxbitcoder-jx-tutorial-master-fs9g8-1[0m stage [32mfrom-build-pack[0m and container [32mstep-promote-changelog[0m
Converted /workspace/source/charts/**-tutorial to an unshallow repository
Generating change log from git ref 019fe9e179ef2cfa22cc08b74495a07171fa4acf => d695501dc027dec2a3d2fb98ef050373bda46a63
Associating user x-0 in users.jenkins.io with email sergio.freire@xpand-it.com to git GitProvider user with login -0 as emails match
Adding label jenkins.io/git-github-userid=-0 to user x-0 in users.jenkins.io
WARNING: Failed to enrich commit 1a0031e15b8cc1e8d0368c6236c9df7ff0fd3ecc with issues: User.jenkins.io "x-0" is invalid: metadata.labels: Invalid value: "-0": a valid label must be an empty string or consist of alphanumeric characters, '-', '_' or '.', and must start and end with an alphanumeric character (e.g. 'MyValue',  or 'my_value',  or '12345', regex used for validation is '(([A-Za-z0-9][-A-Za-z0-9_.]*)?[A-Za-z0-9])?')
Finding issues in commit messages using git format
WARNING: No release found for **bitcoder/**-tutorial and tag v0.0.1 so creating a new release
Updated the release information at https://github.com/**bitcoder/**-tutorial/releases/tag/v0.0.1
generated: /workspace/source/charts/**-tutorial/templates/release.yaml
Created Release **-tutorial-0-0-1 resource in namespace **
Updating PipelineActivity **bitcoder-**-tutorial-master-1 with version 0.0.1
Updated PipelineActivities **bitcoder-**-tutorial-master-1 with release notes URL: https://github.com/**bitcoder/**-tutorial/releases/tag/v0.0.1

Showing logs for build [32mjxbitcoder-jx-tutorial-master-fs9g8-1[0m stage [32mfrom-build-pack[0m and container [32mstep-promote-helm-release[0m
WARNING: No $CHART_REPOSITORY defined so using the default value of: http://jenkins-x-chartmuseum:8080
Adding missing Helm repo: storage.googleapis.com https://storage.googleapis.com/chartmuseum.jenkins-x.io
Successfully added Helm repository storage.googleapis.com.
Adding missing Helm repo: jenkins-x-chartmuseum http://jenkins-x-chartmuseum:8080
Successfully added Helm repository jenkins-x-chartmuseum.
WARNING: No $CHART_REPOSITORY defined so using the default value of: http://jenkins-x-chartmuseum:8080
Uploading chart file **-tutorial-0.0.1.tgz to http://jenkins-x-chartmuseum:8080/api/charts
Received 201 response: {"saved":true}

Showing logs for build [32mjxbitcoder-jx-tutorial-master-fs9g8-1[0m stage [32mfrom-build-pack[0m and container [32mstep-promote-jx-promote[0m
WARNING: prow based install so skip waiting for the merge of Pull Requests to go green as currently there is an issue with gettingstatuses from the PR, see https://github.com/jenkins-x/**/issues/2410
WARNING: No $CHART_REPOSITORY defined so using the default value of: http://jenkins-x-chartmuseum:8080
Promoting app **-tutorial version 0.0.1 to namespace **-staging
WARNING: 
WARNING: Waiting for the fork of ***********/environment-cluster1-staging to appear...
Forked Git repository to https://github.com/***********/environment-cluster1-staging
Created Pull Request: https://github.com/**bitcoder/environment-cluster1-staging/pull/1
Added label updatebot to Pull Request https://github.com/**bitcoder/environment-cluster1-staging/pull/1
got git provider status pending from PR https://github.com/**bitcoder/environment-cluster1-staging/pull/1
got git provider status pending from PR https://github.com/**bitcoder/environment-cluster1-staging/pull/1
got git provider status pending from PR https://github.com/**bitcoder/environment-cluster1-staging/pull/1
got git provider status pending from PR https://github.com/**bitcoder/environment-cluster1-staging/pull/1
got git provider status pending from PR https://github.com/**bitcoder/environment-cluster1-staging/pull/1
WARNING: Failed to merge the Pull Request https://github.com/**bitcoder/environment-cluster1-staging/pull/1 due to PUT https://api.github.com/repos/**bitcoder/environment-cluster1-staging/pulls/1/merge: 405 Pull Request is not mergeable [] maybe I don't have karma?
Pull Request https://github.com/**bitcoder/environment-cluster1-staging/pull/1 is merged at sha a34f600c52fc3ba5feec87986ecd530d17840efa
Pull Request merged but we are not waiting for the update pipeline to complete!
WARNING: Could not find the service URL in namespace **-staging for names **-tutorial, **-**-tutorial, **-staging-**-tutorial
