
Showing logs for build [32mjxbitcoder-jx-tutorial-master-r-d29t8-3[0m stage [32mfrom-build-pack[0m and container [32mstep-credential-initializer-krnvh[0m
{"level":"warn","ts":1584283698.0095158,"logger":"fallback-logger","caller":"logging/config.go:69","msg":"Fetch GitHub commit ID from kodata failed: \"ref: refs/heads/0.8.0-**-support-backwards-incompats\" is not a valid GitHub commit ID"}
{"level":"info","ts":1584283698.010079,"logger":"fallback-logger","caller":"creds-init/main.go:40","msg":"Credentials initialized."}

Showing logs for build [32mjxbitcoder-jx-tutorial-master-r-d29t8-3[0m stage [32mfrom-build-pack[0m and container [32mstep-working-dir-initializer-dj6fb[0m
{"level":"warn","ts":1584283699.0326183,"logger":"fallback-logger","caller":"logging/config.go:69","msg":"Fetch GitHub commit ID from kodata failed: open /var/run/ko/HEAD: no such file or directory"}
{"level":"info","ts":1584283699.0344892,"logger":"fallback-logger","caller":"bash/main.go:64","msg":"Successfully executed command \"sh -c mkdir -p /workspace/source\"; output "}

Showing logs for build [32mjxbitcoder-jx-tutorial-master-r-d29t8-3[0m stage [32mfrom-build-pack[0m and container [32mstep-place-tools[0m

Showing logs for build [32mjxbitcoder-jx-tutorial-master-r-d29t8-3[0m stage [32mfrom-build-pack[0m and container [32mstep-git-source-jxbitcoder-jx-tutorial-master-r-d29t8-z7bhn[0m
{"level":"warn","ts":1584283705.1455429,"logger":"fallback-logger","caller":"logging/config.go:69","msg":"Fetch GitHub commit ID from kodata failed: \"ref: refs/heads/0.8.0-**-support-backwards-incompats\" is not a valid GitHub commit ID"}
{"level":"info","ts":1584283706.1977239,"logger":"fallback-logger","caller":"git/git.go:103","msg":"Successfully cloned https://github.com/**bitcoder/**-tutorial.git @ v0.0.3 in path /workspace/source"}

Showing logs for build [32mjxbitcoder-jx-tutorial-master-r-d29t8-3[0m stage [32mfrom-build-pack[0m and container [32mstep-git-merge[0m
Using SHAs from PULL_REFS=master:2b43b6dee4458d96d4a79b52a7ca0ba10b900171
WARNING: no SHAs to merge, falling back to initial cloned commit

Showing logs for build [32mjxbitcoder-jx-tutorial-master-r-d29t8-3[0m stage [32mfrom-build-pack[0m and container [32mstep-setup-jx-git-credentials[0m
Generated Git credentials file /workspace/xdg_config/git/credentials

Showing logs for build [32mjxbitcoder-jx-tutorial-master-r-d29t8-3[0m stage [32mfrom-build-pack[0m and container [32mstep-build-make-build[0m
CGO_ENABLED=0 GO15VENDOREXPERIMENT=1 go build -ldflags '' -o bin/**-tutorial main.go

Showing logs for build [32mjxbitcoder-jx-tutorial-master-r-d29t8-3[0m stage [32mfrom-build-pack[0m and container [32mstep-build-container-build[0m
[36mINFO[0m[0000] No base image, nothing to extract            
[36mINFO[0m[0000] cmd: EXPOSE                                  
[36mINFO[0m[0000] Adding exposed port: 8080/tcp                
[36mINFO[0m[0000] Using files from context: [/workspace/source/bin] 
[36mINFO[0m[0000] Skipping unpacking as no commands require it. 
[36mINFO[0m[0000] Taking snapshot of full filesystem...        
[36mINFO[0m[0000] EXPOSE 8080                                  
[36mINFO[0m[0000] cmd: EXPOSE                                  
[36mINFO[0m[0000] Adding exposed port: 8080/tcp                
[36mINFO[0m[0000] No files changed in this command, skipping snapshotting. 
[36mINFO[0m[0000] ENTRYPOINT ["/**-tutorial"]                  
[36mINFO[0m[0000] No files changed in this command, skipping snapshotting. 
[36mINFO[0m[0000] Using files from context: [/workspace/source/bin] 
[36mINFO[0m[0000] COPY ./bin/ /                                
[36mINFO[0m[0000] Taking snapshot of files...                  
2020/03/15 14:48:42 pushed blob: sha256:30c5bdf238dbc32e5328174544abd8187a78ad5cd423f583f8b80566275f4b02
2020/03/15 14:48:43 pushed blob: sha256:566f0a21f32dd380bdee183c664393da9e233d26d9c81ec0061cdfb665f7dc70
2020/03/15 14:48:45 gcr.io/api-project-173776728244/**-tutorial:0.0.3: digest: sha256:da6c3f82bfb9cc6fcac2ff60261d959fa0fcd86efe873d1b14bea4f18d2d6f9a size: 428

Showing logs for build [32mjxbitcoder-jx-tutorial-master-r-d29t8-3[0m stage [32mfrom-build-pack[0m and container [32mstep-build-post-build[0m
no CVE provider running in the current ** namespace so skip adding image to be analysed

Showing logs for build [32mjxbitcoder-jx-tutorial-master-r-d29t8-3[0m stage [32mfrom-build-pack[0m and container [32mstep-promote-changelog[0m
Converted /workspace/source/charts/**-tutorial to an unshallow repository
Generating change log from git ref 13ea61c91d386e7b860a2311cf803a32cd63d08f => f810c318041de54c29a712e1ea6c5462187dcef3
Associating user x-0 in users.jenkins.io with email sergio.freire@xpand-it.com to git GitProvider user with login -0 as emails match
Adding label jenkins.io/git-github-userid=-0 to user x-0 in users.jenkins.io
WARNING: Failed to enrich commit 23228993a7a15244c21e2f74cfa0646e1d0d9508 with issues: User.jenkins.io "x-0" is invalid: metadata.labels: Invalid value: "-0": a valid label must be an empty string or consist of alphanumeric characters, '-', '_' or '.', and must start and end with an alphanumeric character (e.g. 'MyValue',  or 'my_value',  or '12345', regex used for validation is '(([A-Za-z0-9][-A-Za-z0-9_.]*)?[A-Za-z0-9])?')
Associating user x-0 in users.jenkins.io with email sergio.freire@xpand-it.com to git GitProvider user with login -0 as emails match
Adding label jenkins.io/git-github-userid=-0 to user x-0 in users.jenkins.io
WARNING: Failed to enrich commit 23228993a7a15244c21e2f74cfa0646e1d0d9508 with issues: User.jenkins.io "x-0" is invalid: metadata.labels: Invalid value: "-0": a valid label must be an empty string or consist of alphanumeric characters, '-', '_' or '.', and must start and end with an alphanumeric character (e.g. 'MyValue',  or 'my_value',  or '12345', regex used for validation is '(([A-Za-z0-9][-A-Za-z0-9_.]*)?[A-Za-z0-9])?')
Finding issues in commit messages using git format
WARNING: No release found for **bitcoder/**-tutorial and tag v0.0.3 so creating a new release
Updated the release information at https://github.com/**bitcoder/**-tutorial/releases/tag/v0.0.3
generated: /workspace/source/charts/**-tutorial/templates/release.yaml
Created Release **-tutorial-0-0-3 resource in namespace **
Updating PipelineActivity **bitcoder-**-tutorial-master-3 with version 0.0.3
Updated PipelineActivities **bitcoder-**-tutorial-master-3 with release notes URL: https://github.com/**bitcoder/**-tutorial/releases/tag/v0.0.3

Showing logs for build [32mjxbitcoder-jx-tutorial-master-r-d29t8-3[0m stage [32mfrom-build-pack[0m and container [32mstep-promote-helm-release[0m
WARNING: No $CHART_REPOSITORY defined so using the default value of: http://jenkins-x-chartmuseum:8080
Adding missing Helm repo: storage.googleapis.com https://storage.googleapis.com/chartmuseum.jenkins-x.io
Successfully added Helm repository storage.googleapis.com.
Adding missing Helm repo: jenkins-x-chartmuseum http://jenkins-x-chartmuseum:8080
Successfully added Helm repository jenkins-x-chartmuseum.
WARNING: No $CHART_REPOSITORY defined so using the default value of: http://jenkins-x-chartmuseum:8080
Uploading chart file **-tutorial-0.0.3.tgz to http://jenkins-x-chartmuseum:8080/api/charts
Received 201 response: {"saved":true}

Showing logs for build [32mjxbitcoder-jx-tutorial-master-r-d29t8-3[0m stage [32mfrom-build-pack[0m and container [32mstep-promote-jx-promote[0m
WARNING: prow based install so skip waiting for the merge of Pull Requests to go green as currently there is an issue with gettingstatuses from the PR, see https://github.com/jenkins-x/**/issues/2410
WARNING: No $CHART_REPOSITORY defined so using the default value of: http://jenkins-x-chartmuseum:8080
Promoting app **-tutorial version 0.0.3 to namespace **-staging
WARNING: 
Created Pull Request: https://github.com/**bitcoder/environment-cluster1-staging/pull/3
Added label updatebot to Pull Request https://github.com/**bitcoder/environment-cluster1-staging/pull/3
got git provider status pending from PR https://github.com/**bitcoder/environment-cluster1-staging/pull/3
got git provider status pending from PR https://github.com/**bitcoder/environment-cluster1-staging/pull/3
got git provider status pending from PR https://github.com/**bitcoder/environment-cluster1-staging/pull/3
got git provider status pending from PR https://github.com/**bitcoder/environment-cluster1-staging/pull/3
Pull Request https://github.com/**bitcoder/environment-cluster1-staging/pull/3 is merged at sha 481ac3469cf29b363d370bd48135b40a68ae9996
Pull Request merged but we are not waiting for the update pipeline to complete!
