
Showing logs for build [32mjxbitcoder-jx-tutorial-master-r-5j5kd-5[0m stage [32mfrom-build-pack[0m and container [32mstep-credential-initializer-5c4db[0m
{"level":"warn","ts":1584287417.273219,"logger":"fallback-logger","caller":"logging/config.go:69","msg":"Fetch GitHub commit ID from kodata failed: \"ref: refs/heads/0.8.0-**-support-backwards-incompats\" is not a valid GitHub commit ID"}
{"level":"info","ts":1584287417.273979,"logger":"fallback-logger","caller":"creds-init/main.go:40","msg":"Credentials initialized."}

Showing logs for build [32mjxbitcoder-jx-tutorial-master-r-5j5kd-5[0m stage [32mfrom-build-pack[0m and container [32mstep-working-dir-initializer-4xnw2[0m
{"level":"warn","ts":1584287418.1391325,"logger":"fallback-logger","caller":"logging/config.go:69","msg":"Fetch GitHub commit ID from kodata failed: open /var/run/ko/HEAD: no such file or directory"}
{"level":"info","ts":1584287418.140824,"logger":"fallback-logger","caller":"bash/main.go:64","msg":"Successfully executed command \"sh -c mkdir -p /workspace/source\"; output "}

Showing logs for build [32mjxbitcoder-jx-tutorial-master-r-5j5kd-5[0m stage [32mfrom-build-pack[0m and container [32mstep-place-tools[0m

Showing logs for build [32mjxbitcoder-jx-tutorial-master-r-5j5kd-5[0m stage [32mfrom-build-pack[0m and container [32mstep-git-source-jxbitcoder-jx-tutorial-master-r-5j5kd-rqxpr[0m
{"level":"warn","ts":1584287425.2124116,"logger":"fallback-logger","caller":"logging/config.go:69","msg":"Fetch GitHub commit ID from kodata failed: \"ref: refs/heads/0.8.0-**-support-backwards-incompats\" is not a valid GitHub commit ID"}
{"level":"info","ts":1584287426.2514682,"logger":"fallback-logger","caller":"git/git.go:103","msg":"Successfully cloned https://github.com/**bitcoder/**-tutorial.git @ v0.0.5 in path /workspace/source"}

Showing logs for build [32mjxbitcoder-jx-tutorial-master-r-5j5kd-5[0m stage [32mfrom-build-pack[0m and container [32mstep-git-merge[0m
Using SHAs from PULL_REFS=master:aac1d9f2dc6b2ab0efc53f3c5a975658604f97e3
WARNING: no SHAs to merge, falling back to initial cloned commit

Showing logs for build [32mjxbitcoder-jx-tutorial-master-r-5j5kd-5[0m stage [32mfrom-build-pack[0m and container [32mstep-setup-jx-git-credentials[0m
Generated Git credentials file /workspace/xdg_config/git/credentials

Showing logs for build [32mjxbitcoder-jx-tutorial-master-r-5j5kd-5[0m stage [32mfrom-build-pack[0m and container [32mstep-build-make-build[0m
CGO_ENABLED=0 GO15VENDOREXPERIMENT=1 go build -ldflags '' -o bin/**-tutorial main.go

Showing logs for build [32mjxbitcoder-jx-tutorial-master-r-5j5kd-5[0m stage [32mfrom-build-pack[0m and container [32mstep-build-container-build[0m
[36mINFO[0m[0000] No base image, nothing to extract            
[36mINFO[0m[0000] cmd: EXPOSE                                  
[36mINFO[0m[0000] Adding exposed port: 8080/tcp                
[36mINFO[0m[0000] Using files from context: [/workspace/source/bin] 
[36mINFO[0m[0000] Skipping unpacking as no commands require it. 
[36mINFO[0m[0000] Taking snapshot of full filesystem...        
[36mINFO[0m[0000] EXPOSE 8080                                  
[36mINFO[0m[0000] cmd: EXPOSE                                  
[36mINFO[0m[0000] Adding exposed port: 8080/tcp                
[36mINFO[0m[0000] No files changed in this command, skipping snapshotting. 
[36mINFO[0m[0000] ENTRYPOINT ["/**-tutorial"]                  
[36mINFO[0m[0000] No files changed in this command, skipping snapshotting. 
[36mINFO[0m[0000] Using files from context: [/workspace/source/bin] 
[36mINFO[0m[0000] COPY ./bin/ /                                
[36mINFO[0m[0000] Taking snapshot of files...                  
2020/03/15 15:50:42 pushed blob: sha256:39ce6282c8c783ac79c210a6aace3fc70eafc1bb54114411b9d9036462c0c064
2020/03/15 15:50:43 pushed blob: sha256:af13352134dee1e70e1af72541729455edca2055aa47ec8c24473a27a27eb52d
2020/03/15 15:50:44 gcr.io/api-project-173776728244/**-tutorial:0.0.5: digest: sha256:6002db0e2c89fa097c89cd911058a4fb5e7ce6e18da570273a121176119699db size: 428

Showing logs for build [32mjxbitcoder-jx-tutorial-master-r-5j5kd-5[0m stage [32mfrom-build-pack[0m and container [32mstep-build-post-build[0m
no CVE provider running in the current ** namespace so skip adding image to be analysed

Showing logs for build [32mjxbitcoder-jx-tutorial-master-r-5j5kd-5[0m stage [32mfrom-build-pack[0m and container [32mstep-promote-changelog[0m
Converted /workspace/source/charts/**-tutorial to an unshallow repository
Generating change log from git ref b9406f3de01bd649eac51aeea0aab8bebb65cc74 => 54a381ec991864758cc6903d749e2f214b800f88
Associating user x-0 in users.jenkins.io with email sergio.freire@xpand-it.com to git GitProvider user with login -0 as emails match
Adding label jenkins.io/git-github-userid=-0 to user x-0 in users.jenkins.io
WARNING: Failed to enrich commit 3d22396bdc2f52e83c5e4446fccd9b0d74670dab with issues: User.jenkins.io "x-0" is invalid: metadata.labels: Invalid value: "-0": a valid label must be an empty string or consist of alphanumeric characters, '-', '_' or '.', and must start and end with an alphanumeric character (e.g. 'MyValue',  or 'my_value',  or '12345', regex used for validation is '(([A-Za-z0-9][-A-Za-z0-9_.]*)?[A-Za-z0-9])?')
Associating user x-0 in users.jenkins.io with email sergio.freire@xpand-it.com to git GitProvider user with login -0 as emails match
Adding label jenkins.io/git-github-userid=-0 to user x-0 in users.jenkins.io
WARNING: Failed to enrich commit 3d22396bdc2f52e83c5e4446fccd9b0d74670dab with issues: User.jenkins.io "x-0" is invalid: metadata.labels: Invalid value: "-0": a valid label must be an empty string or consist of alphanumeric characters, '-', '_' or '.', and must start and end with an alphanumeric character (e.g. 'MyValue',  or 'my_value',  or '12345', regex used for validation is '(([A-Za-z0-9][-A-Za-z0-9_.]*)?[A-Za-z0-9])?')
Finding issues in commit messages using git format
WARNING: No release found for **bitcoder/**-tutorial and tag v0.0.5 so creating a new release
Updated the release information at https://github.com/**bitcoder/**-tutorial/releases/tag/v0.0.5
generated: /workspace/source/charts/**-tutorial/templates/release.yaml
Created Release **-tutorial-0-0-5 resource in namespace **
Updating PipelineActivity **bitcoder-**-tutorial-master-5 with version 0.0.5
Updated PipelineActivities **bitcoder-**-tutorial-master-5 with release notes URL: https://github.com/**bitcoder/**-tutorial/releases/tag/v0.0.5

Showing logs for build [32mjxbitcoder-jx-tutorial-master-r-5j5kd-5[0m stage [32mfrom-build-pack[0m and container [32mstep-promote-helm-release[0m
WARNING: No $CHART_REPOSITORY defined so using the default value of: http://jenkins-x-chartmuseum:8080
Adding missing Helm repo: storage.googleapis.com https://storage.googleapis.com/chartmuseum.jenkins-x.io
Successfully added Helm repository storage.googleapis.com.
Adding missing Helm repo: jenkins-x-chartmuseum http://jenkins-x-chartmuseum:8080
Successfully added Helm repository jenkins-x-chartmuseum.
WARNING: No $CHART_REPOSITORY defined so using the default value of: http://jenkins-x-chartmuseum:8080
Uploading chart file **-tutorial-0.0.5.tgz to http://jenkins-x-chartmuseum:8080/api/charts
Received 201 response: {"saved":true}

Showing logs for build [32mjxbitcoder-jx-tutorial-master-r-5j5kd-5[0m stage [32mfrom-build-pack[0m and container [32mstep-promote-jx-promote[0m
WARNING: prow based install so skip waiting for the merge of Pull Requests to go green as currently there is an issue with gettingstatuses from the PR, see https://github.com/jenkins-x/**/issues/2410
WARNING: No $CHART_REPOSITORY defined so using the default value of: http://jenkins-x-chartmuseum:8080
Promoting app **-tutorial version 0.0.5 to namespace **-staging
WARNING: 
Created Pull Request: https://github.com/**bitcoder/environment-cluster1-staging/pull/5
Added label updatebot to Pull Request https://github.com/**bitcoder/environment-cluster1-staging/pull/5
got git provider status pending from PR https://github.com/**bitcoder/environment-cluster1-staging/pull/5
got git provider status pending from PR https://github.com/**bitcoder/environment-cluster1-staging/pull/5
got git provider status pending from PR https://github.com/**bitcoder/environment-cluster1-staging/pull/5
got git provider status pending from PR https://github.com/**bitcoder/environment-cluster1-staging/pull/5
Pull Request https://github.com/**bitcoder/environment-cluster1-staging/pull/5 is merged at sha 612496faec6bd24afced1244688aa05d31e095eb
Pull Request merged but we are not waiting for the update pipeline to complete!
