
Showing logs for build [32mjxbitcoder-jx-tutorial-master-r-xjx4s-6[0m stage [32mfrom-build-pack[0m and container [32mstep-credential-initializer-95dpx[0m
{"level":"warn","ts":1584300920.9551833,"logger":"fallback-logger","caller":"logging/config.go:69","msg":"Fetch GitHub commit ID from kodata failed: \"ref: refs/heads/0.8.0-**-support-backwards-incompats\" is not a valid GitHub commit ID"}
{"level":"info","ts":1584300920.9560697,"logger":"fallback-logger","caller":"creds-init/main.go:40","msg":"Credentials initialized."}

Showing logs for build [32mjxbitcoder-jx-tutorial-master-r-xjx4s-6[0m stage [32mfrom-build-pack[0m and container [32mstep-working-dir-initializer-6ghgn[0m
{"level":"warn","ts":1584300921.8780317,"logger":"fallback-logger","caller":"logging/config.go:69","msg":"Fetch GitHub commit ID from kodata failed: open /var/run/ko/HEAD: no such file or directory"}
{"level":"info","ts":1584300921.8802862,"logger":"fallback-logger","caller":"bash/main.go:64","msg":"Successfully executed command \"sh -c mkdir -p /workspace/source\"; output "}

Showing logs for build [32mjxbitcoder-jx-tutorial-master-r-xjx4s-6[0m stage [32mfrom-build-pack[0m and container [32mstep-place-tools[0m

Showing logs for build [32mjxbitcoder-jx-tutorial-master-r-xjx4s-6[0m stage [32mfrom-build-pack[0m and container [32mstep-git-source-jxbitcoder-jx-tutorial-master-r-xjx4s-gz8vz[0m
{"level":"warn","ts":1584300929.9474218,"logger":"fallback-logger","caller":"logging/config.go:69","msg":"Fetch GitHub commit ID from kodata failed: \"ref: refs/heads/0.8.0-**-support-backwards-incompats\" is not a valid GitHub commit ID"}
{"level":"info","ts":1584300931.0248687,"logger":"fallback-logger","caller":"git/git.go:103","msg":"Successfully cloned https://github.com/**bitcoder/**-tutorial.git @ v0.0.6 in path /workspace/source"}

Showing logs for build [32mjxbitcoder-jx-tutorial-master-r-xjx4s-6[0m stage [32mfrom-build-pack[0m and container [32mstep-git-merge[0m
Using SHAs from PULL_REFS=master:5086b9cd17b45b06c206d857828e63476cdce540
WARNING: no SHAs to merge, falling back to initial cloned commit

Showing logs for build [32mjxbitcoder-jx-tutorial-master-r-xjx4s-6[0m stage [32mfrom-build-pack[0m and container [32mstep-setup-jx-git-credentials[0m
Generated Git credentials file /workspace/xdg_config/git/credentials

Showing logs for build [32mjxbitcoder-jx-tutorial-master-r-xjx4s-6[0m stage [32mfrom-build-pack[0m and container [32mstep-setup-step3[0m

Showing logs for build [32mjxbitcoder-jx-tutorial-master-r-xjx4s-6[0m stage [32mfrom-build-pack[0m and container [32mstep-build-make-build[0m
CGO_ENABLED=0 GO15VENDOREXPERIMENT=1 go build -ldflags '' -o bin/**-tutorial main.go

Showing logs for build [32mjxbitcoder-jx-tutorial-master-r-xjx4s-6[0m stage [32mfrom-build-pack[0m and container [32mstep-build-container-build[0m
[36mINFO[0m[0000] No base image, nothing to extract            
[36mINFO[0m[0000] cmd: EXPOSE                                  
[36mINFO[0m[0000] Adding exposed port: 8080/tcp                
[36mINFO[0m[0000] Using files from context: [/workspace/source/bin] 
[36mINFO[0m[0000] Skipping unpacking as no commands require it. 
[36mINFO[0m[0000] Taking snapshot of full filesystem...        
[36mINFO[0m[0000] EXPOSE 8080                                  
[36mINFO[0m[0000] cmd: EXPOSE                                  
[36mINFO[0m[0000] Adding exposed port: 8080/tcp                
[36mINFO[0m[0000] No files changed in this command, skipping snapshotting. 
[36mINFO[0m[0000] ENTRYPOINT ["/**-tutorial"]                  
[36mINFO[0m[0000] No files changed in this command, skipping snapshotting. 
[36mINFO[0m[0000] Using files from context: [/workspace/source/bin] 
[36mINFO[0m[0000] COPY ./bin/ /                                
[36mINFO[0m[0000] Taking snapshot of files...                  
2020/03/15 19:35:48 pushed blob: sha256:6739b1094c10c67617d1b66d0c013fc1358c5862be72e4a1e0fd26f6cf96391e
2020/03/15 19:35:49 pushed blob: sha256:d303586199dd2816e904f8247e500e94a668ca3227f70f674f71ca1004888aee
2020/03/15 19:35:51 gcr.io/api-project-173776728244/**-tutorial:0.0.6: digest: sha256:8842654ad4af71691203fee09910efad58cbc635ae0a0b229a5768c6d708d72e size: 428

Showing logs for build [32mjxbitcoder-jx-tutorial-master-r-xjx4s-6[0m stage [32mfrom-build-pack[0m and container [32mstep-build-post-build[0m
no CVE provider running in the current ** namespace so skip adding image to be analysed

Showing logs for build [32mjxbitcoder-jx-tutorial-master-r-xjx4s-6[0m stage [32mfrom-build-pack[0m and container [32mstep-postbuild-step7[0m

Showing logs for build [32mjxbitcoder-jx-tutorial-master-r-xjx4s-6[0m stage [32mfrom-build-pack[0m and container [32mstep-postbuild-step8[0m

Showing logs for build [32mjxbitcoder-jx-tutorial-master-r-xjx4s-6[0m stage [32mfrom-build-pack[0m and container [32mstep-promote-changelog[0m
Converted /workspace/source/charts/**-tutorial to an unshallow repository
Generating change log from git ref 54a381ec991864758cc6903d749e2f214b800f88 => f701332383de8e9060a981a3561a74d6b846337a
Associating user x-0 in users.jenkins.io with email sergio.freire@xpand-it.com to git GitProvider user with login -0 as emails match
Adding label jenkins.io/git-github-userid=-0 to user x-0 in users.jenkins.io
WARNING: Failed to enrich commit 1e6d0f93a0b2b2a2874994fe072795b54c5a85c3 with issues: User.jenkins.io "x-0" is invalid: metadata.labels: Invalid value: "-0": a valid label must be an empty string or consist of alphanumeric characters, '-', '_' or '.', and must start and end with an alphanumeric character (e.g. 'MyValue',  or 'my_value',  or '12345', regex used for validation is '(([A-Za-z0-9][-A-Za-z0-9_.]*)?[A-Za-z0-9])?')
Associating user x-0 in users.jenkins.io with email sergio.freire@xpand-it.com to git GitProvider user with login -0 as emails match
Adding label jenkins.io/git-github-userid=-0 to user x-0 in users.jenkins.io
WARNING: Failed to enrich commit 1e6d0f93a0b2b2a2874994fe072795b54c5a85c3 with issues: User.jenkins.io "x-0" is invalid: metadata.labels: Invalid value: "-0": a valid label must be an empty string or consist of alphanumeric characters, '-', '_' or '.', and must start and end with an alphanumeric character (e.g. 'MyValue',  or 'my_value',  or '12345', regex used for validation is '(([A-Za-z0-9][-A-Za-z0-9_.]*)?[A-Za-z0-9])?')
Finding issues in commit messages using git format
Associating user x-0 in users.jenkins.io with email sergio.freire@xpand-it.com to git GitProvider user with login -0 as emails match
Adding label jenkins.io/git-github-userid=-0 to user x-0 in users.jenkins.io
WARNING: Failed to enrich commit f94c1d2712018c434812d19aa284376d64d0fbd1 with issues: User.jenkins.io "x-0" is invalid: metadata.labels: Invalid value: "-0": a valid label must be an empty string or consist of alphanumeric characters, '-', '_' or '.', and must start and end with an alphanumeric character (e.g. 'MyValue',  or 'my_value',  or '12345', regex used for validation is '(([A-Za-z0-9][-A-Za-z0-9_.]*)?[A-Za-z0-9])?')
Associating user x-0 in users.jenkins.io with email sergio.freire@xpand-it.com to git GitProvider user with login -0 as emails match
Adding label jenkins.io/git-github-userid=-0 to user x-0 in users.jenkins.io
WARNING: Failed to enrich commit f94c1d2712018c434812d19aa284376d64d0fbd1 with issues: User.jenkins.io "x-0" is invalid: metadata.labels: Invalid value: "-0": a valid label must be an empty string or consist of alphanumeric characters, '-', '_' or '.', and must start and end with an alphanumeric character (e.g. 'MyValue',  or 'my_value',  or '12345', regex used for validation is '(([A-Za-z0-9][-A-Za-z0-9_.]*)?[A-Za-z0-9])?')
Associating user x-0 in users.jenkins.io with email sergio.freire@xpand-it.com to git GitProvider user with login -0 as emails match
Adding label jenkins.io/git-github-userid=-0 to user x-0 in users.jenkins.io
WARNING: Failed to enrich commit 61983a0322b541be82fe80f5001db64fa0d28961 with issues: User.jenkins.io "x-0" is invalid: metadata.labels: Invalid value: "-0": a valid label must be an empty string or consist of alphanumeric characters, '-', '_' or '.', and must start and end with an alphanumeric character (e.g. 'MyValue',  or 'my_value',  or '12345', regex used for validation is '(([A-Za-z0-9][-A-Za-z0-9_.]*)?[A-Za-z0-9])?')
Associating user x-0 in users.jenkins.io with email sergio.freire@xpand-it.com to git GitProvider user with login -0 as emails match
Adding label jenkins.io/git-github-userid=-0 to user x-0 in users.jenkins.io
WARNING: Failed to enrich commit 61983a0322b541be82fe80f5001db64fa0d28961 with issues: User.jenkins.io "x-0" is invalid: metadata.labels: Invalid value: "-0": a valid label must be an empty string or consist of alphanumeric characters, '-', '_' or '.', and must start and end with an alphanumeric character (e.g. 'MyValue',  or 'my_value',  or '12345', regex used for validation is '(([A-Za-z0-9][-A-Za-z0-9_.]*)?[A-Za-z0-9])?')
Associating user x-0 in users.jenkins.io with email sergio.freire@xpand-it.com to git GitProvider user with login -0 as emails match
Adding label jenkins.io/git-github-userid=-0 to user x-0 in users.jenkins.io
WARNING: Failed to enrich commit 8d41d64ad8e4ecce8052df8c2cae1d228d82871a with issues: User.jenkins.io "x-0" is invalid: metadata.labels: Invalid value: "-0": a valid label must be an empty string or consist of alphanumeric characters, '-', '_' or '.', and must start and end with an alphanumeric character (e.g. 'MyValue',  or 'my_value',  or '12345', regex used for validation is '(([A-Za-z0-9][-A-Za-z0-9_.]*)?[A-Za-z0-9])?')
Associating user x-0 in users.jenkins.io with email sergio.freire@xpand-it.com to git GitProvider user with login -0 as emails match
Adding label jenkins.io/git-github-userid=-0 to user x-0 in users.jenkins.io
WARNING: Failed to enrich commit 8d41d64ad8e4ecce8052df8c2cae1d228d82871a with issues: User.jenkins.io "x-0" is invalid: metadata.labels: Invalid value: "-0": a valid label must be an empty string or consist of alphanumeric characters, '-', '_' or '.', and must start and end with an alphanumeric character (e.g. 'MyValue',  or 'my_value',  or '12345', regex used for validation is '(([A-Za-z0-9][-A-Za-z0-9_.]*)?[A-Za-z0-9])?')
Associating user x-0 in users.jenkins.io with email sergio.freire@xpand-it.com to git GitProvider user with login -0 as emails match
Adding label jenkins.io/git-github-userid=-0 to user x-0 in users.jenkins.io
WARNING: Failed to enrich commit 5328b0720ba37955beda65aa3937e3e5958576fa with issues: User.jenkins.io "x-0" is invalid: metadata.labels: Invalid value: "-0": a valid label must be an empty string or consist of alphanumeric characters, '-', '_' or '.', and must start and end with an alphanumeric character (e.g. 'MyValue',  or 'my_value',  or '12345', regex used for validation is '(([A-Za-z0-9][-A-Za-z0-9_.]*)?[A-Za-z0-9])?')
Associating user x-0 in users.jenkins.io with email sergio.freire@xpand-it.com to git GitProvider user with login -0 as emails match
Adding label jenkins.io/git-github-userid=-0 to user x-0 in users.jenkins.io
WARNING: Failed to enrich commit 5328b0720ba37955beda65aa3937e3e5958576fa with issues: User.jenkins.io "x-0" is invalid: metadata.labels: Invalid value: "-0": a valid label must be an empty string or consist of alphanumeric characters, '-', '_' or '.', and must start and end with an alphanumeric character (e.g. 'MyValue',  or 'my_value',  or '12345', regex used for validation is '(([A-Za-z0-9][-A-Za-z0-9_.]*)?[A-Za-z0-9])?')
Associating user x-0 in users.jenkins.io with email sergio.freire@xpand-it.com to git GitProvider user with login -0 as emails match
Adding label jenkins.io/git-github-userid=-0 to user x-0 in users.jenkins.io
WARNING: Failed to enrich commit d7ffd2c6ffe5a7a515cbd585a34b195befd6905b with issues: User.jenkins.io "x-0" is invalid: metadata.labels: Invalid value: "-0": a valid label must be an empty string or consist of alphanumeric characters, '-', '_' or '.', and must start and end with an alphanumeric character (e.g. 'MyValue',  or 'my_value',  or '12345', regex used for validation is '(([A-Za-z0-9][-A-Za-z0-9_.]*)?[A-Za-z0-9])?')
Associating user x-0 in users.jenkins.io with email sergio.freire@xpand-it.com to git GitProvider user with login -0 as emails match
Adding label jenkins.io/git-github-userid=-0 to user x-0 in users.jenkins.io
WARNING: Failed to enrich commit d7ffd2c6ffe5a7a515cbd585a34b195befd6905b with issues: User.jenkins.io "x-0" is invalid: metadata.labels: Invalid value: "-0": a valid label must be an empty string or consist of alphanumeric characters, '-', '_' or '.', and must start and end with an alphanumeric character (e.g. 'MyValue',  or 'my_value',  or '12345', regex used for validation is '(([A-Za-z0-9][-A-Za-z0-9_.]*)?[A-Za-z0-9])?')
Associating user x-0 in users.jenkins.io with email sergio.freire@xpand-it.com to git GitProvider user with login -0 as emails match
Adding label jenkins.io/git-github-userid=-0 to user x-0 in users.jenkins.io
WARNING: Failed to enrich commit 2fd7ad01f24e5a8499cbab3f891b8493450374cf with issues: User.jenkins.io "x-0" is invalid: metadata.labels: Invalid value: "-0": a valid label must be an empty string or consist of alphanumeric characters, '-', '_' or '.', and must start and end with an alphanumeric character (e.g. 'MyValue',  or 'my_value',  or '12345', regex used for validation is '(([A-Za-z0-9][-A-Za-z0-9_.]*)?[A-Za-z0-9])?')
Associating user x-0 in users.jenkins.io with email sergio.freire@xpand-it.com to git GitProvider user with login -0 as emails match
Adding label jenkins.io/git-github-userid=-0 to user x-0 in users.jenkins.io
WARNING: Failed to enrich commit 2fd7ad01f24e5a8499cbab3f891b8493450374cf with issues: User.jenkins.io "x-0" is invalid: metadata.labels: Invalid value: "-0": a valid label must be an empty string or consist of alphanumeric characters, '-', '_' or '.', and must start and end with an alphanumeric character (e.g. 'MyValue',  or 'my_value',  or '12345', regex used for validation is '(([A-Za-z0-9][-A-Za-z0-9_.]*)?[A-Za-z0-9])?')
WARNING: No release found for **bitcoder/**-tutorial and tag v0.0.6 so creating a new release
Updated the release information at https://github.com/**bitcoder/**-tutorial/releases/tag/v0.0.6
generated: /workspace/source/charts/**-tutorial/templates/release.yaml
Created Release **-tutorial-0-0-6 resource in namespace **
Updating PipelineActivity **bitcoder-**-tutorial-master-6 with version 0.0.6
Updated PipelineActivities **bitcoder-**-tutorial-master-6 with release notes URL: https://github.com/**bitcoder/**-tutorial/releases/tag/v0.0.6

Showing logs for build [32mjxbitcoder-jx-tutorial-master-r-xjx4s-6[0m stage [32mfrom-build-pack[0m and container [32mstep-promote-helm-release[0m
WARNING: No $CHART_REPOSITORY defined so using the default value of: http://jenkins-x-chartmuseum:8080
Adding missing Helm repo: storage.googleapis.com https://storage.googleapis.com/chartmuseum.jenkins-x.io
Successfully added Helm repository storage.googleapis.com.
Adding missing Helm repo: jenkins-x-chartmuseum http://jenkins-x-chartmuseum:8080
Successfully added Helm repository jenkins-x-chartmuseum.
WARNING: No $CHART_REPOSITORY defined so using the default value of: http://jenkins-x-chartmuseum:8080
Uploading chart file **-tutorial-0.0.6.tgz to http://jenkins-x-chartmuseum:8080/api/charts
Received 201 response: {"saved":true}

Showing logs for build [32mjxbitcoder-jx-tutorial-master-r-xjx4s-6[0m stage [32mfrom-build-pack[0m and container [32mstep-promote-jx-promote[0m
WARNING: prow based install so skip waiting for the merge of Pull Requests to go green as currently there is an issue with gettingstatuses from the PR, see https://github.com/jenkins-x/**/issues/2410
WARNING: No $CHART_REPOSITORY defined so using the default value of: http://jenkins-x-chartmuseum:8080
Promoting app **-tutorial version 0.0.6 to namespace **-staging
WARNING: 
Created Pull Request: https://github.com/**bitcoder/environment-cluster1-staging/pull/6
Added label updatebot to Pull Request https://github.com/**bitcoder/environment-cluster1-staging/pull/6
got git provider status pending from PR https://github.com/**bitcoder/environment-cluster1-staging/pull/6
got git provider status pending from PR https://github.com/**bitcoder/environment-cluster1-staging/pull/6
got git provider status pending from PR https://github.com/**bitcoder/environment-cluster1-staging/pull/6
got git provider status pending from PR https://github.com/**bitcoder/environment-cluster1-staging/pull/6
Pull Request https://github.com/**bitcoder/environment-cluster1-staging/pull/6 is merged at sha 374f882bdacde4aee34321a6c3cd7ba13dd927a7
Pull Request merged but we are not waiting for the update pipeline to complete!

Showing logs for build [32mjxbitcoder-jx-tutorial-master-r-xjx4s-6[0m stage [32mfrom-build-pack[0m and container [32mstep-promote-step12[0m

Showing logs for build [32mjxbitcoder-jx-tutorial-master-r-xjx4s-6[0m stage [32mfrom-build-pack[0m and container [32mstep-promote-step13[0m
